Pathlist information for compiler and MPI systems are located in nmpathlist.txt

Starting NMTRAN
  
 WARNINGS AND ERRORS (IF ANY) FOR PROBLEM    1
             
 (WARNING  2) NM-TRAN INFERS THAT THE DATA ARE POPULATION.
 
 LIM VALUES MAXLIM ASSESSED BY NMTRAN: 1,2,3,4,5,6,7,8,10,11,13,15,16        
Recompiling certain components
 Minimum value for a list item exceeded:      1
 
 USING PARALLEL PROFILE hwwk6.pnm
 MPI TRANSFER TYPE SELECTED
Building NONMEM Executable
 Minimum value for a list item exceeded:      1
 Parallelization Warnings are in FPWARN
Starting MPI version of nonmem execution ...
Manager Location acn11//users/1/cheng423/ecp8506/wk6/nm-model/hwwk6
 Minimum value for a list item exceeded:      1
 Parallelization Warnings are in FPWARN
License Registered to: Minnesota Supercomputing Institute
Expiration Date:    14 MAY 2025
Current Date:        6 OCT 2024
Days until program expires : 223
 Minimum value for a list item exceeded:      1
 Parallelization Warnings are in FPWARN
 
 
 First Order Conditional Estimation with Interaction
 MONITORING OF SEARCH:

 
0ITERATION NO.:    0    OBJECTIVE VALUE:   2338.43297086339        NO. OF FUNC. EVALS.:  10
 CUMULATIVE NO. OF FUNC. EVALS.:       10
 NPARAMETR:  5.0000E-01  2.5000E+00  2.0000E-01  5.0000E-01 -5.0000E-01  8.0000E-01  1.0000E+00  2.0000E-01  1.0000E-02  1.0000E-01
             1.0000E-01  5.0000E-02
 PARAMETER:  1.0000E-01  1.0000E-01  1.0000E-01  1.0000E-01 -1.0000E-01  1.0000E-01  1.0000E-01  1.0000E-01  1.0000E-01  1.0000E-01
             1.0000E-01  1.0000E-01
 GRADIENT:  -2.1244E+01  2.8897E+01 -4.9583E+01  4.8921E+01  1.3573E+02 -3.3279E+01 -1.1382E+02  1.3186E+01 -1.0656E+01 -9.5883E+00
             1.6364E+01 -1.8232E+01
 
0ITERATION NO.:    1    OBJECTIVE VALUE:   2335.90989119193        NO. OF FUNC. EVALS.:  12
 CUMULATIVE NO. OF FUNC. EVALS.:       22
 NPARAMETR:  5.0153E-01  2.4897E+00  2.0143E-01  4.9651E-01 -5.9729E-01  8.3817E-01  1.1632E+00  1.9925E-01  1.0134E-02  1.0029E-01
             9.9532E-02  5.0262E-02
 PARAMETER:  1.0305E-01  9.5857E-02  1.0711E-01  9.2987E-02 -1.1946E-01  1.0477E-01  1.1632E-01  9.8110E-02  1.0153E-01  1.0137E-01
             9.7654E-02  1.0261E-01
 GRADIENT:   1.9947E+01  3.4371E+00  1.3558E+01  4.2798E+01 -3.5302E+01 -5.2505E+01  6.9247E+00  1.4795E+01 -1.0555E+01 -6.8759E+00
             1.6749E+01 -1.5784E+01
 
0ITERATION NO.:    2    OBJECTIVE VALUE:   2335.68274486600        NO. OF FUNC. EVALS.:  12
 CUMULATIVE NO. OF FUNC. EVALS.:       34
 NPARAMETR:  4.9646E-01  2.4853E+00  2.0004E-01  4.8582E-01 -5.0755E-01  1.0517E+00  1.1280E+00  1.9627E-01  1.0589E-02  1.0105E-01
             9.7851E-02  5.1075E-02
 PARAMETER:  9.2903E-02  9.4110E-02  1.0021E-01  7.1226E-02 -1.0151E-01  1.3147E-01  1.1280E-01  9.0587E-02  1.0689E-01  1.0487E-01
             8.9138E-02  1.1064E-01
 GRADIENT:  -2.9569E+01  1.2463E+01 -3.3255E+01  2.7206E+01  1.7621E+02  4.5626E+01 -3.4969E+01  1.1656E+01 -9.9655E+00 -6.4283E+00
             1.7309E+01 -3.8517E+00
 
0ITERATION NO.:    3    OBJECTIVE VALUE:   2334.38700501398        NO. OF FUNC. EVALS.:  12
 CUMULATIVE NO. OF FUNC. EVALS.:       46
 NPARAMETR:  4.9351E-01  2.4740E+00  1.9976E-01  4.7099E-01 -5.7895E-01  1.2292E+00  1.1568E+00  1.9193E-01  1.1285E-02  1.0223E-01
             9.5250E-02  5.2127E-02
 PARAMETER:  8.6930E-02  8.9558E-02  9.8794E-02  4.0223E-02 -1.1579E-01  1.5365E-01  1.1568E-01  7.9418E-02  1.1519E-01  1.1026E-01
             7.5669E-02  1.2083E-01
 GRADIENT:  -9.7892E+00 -1.0353E+00 -2.2473E+01  6.1257E+00  9.8274E+01  9.0973E+01 -1.8432E+01  1.0169E+01 -9.9235E+00 -5.3299E+00
             1.7030E+01  6.8534E+00
 
0ITERATION NO.:    4    OBJECTIVE VALUE:   2333.23360079588        NO. OF FUNC. EVALS.:  11
 CUMULATIVE NO. OF FUNC. EVALS.:       57
 NPARAMETR:  4.7926E-01  2.4779E+00  1.9886E-01  4.4341E-01 -5.9375E-01  1.0436E+00  1.1496E+00  1.8054E-01  1.3289E-02  1.0555E-01
             8.7889E-02  5.3476E-02
 PARAMETER:  5.7626E-02  9.1116E-02  9.4293E-02 -2.0111E-02 -1.1875E-01  1.3045E-01  1.1496E-01  4.8821E-02  1.3987E-01  1.2486E-01
             3.5451E-02  1.3361E-01
 GRADIENT:  -1.5781E+01 -7.6366E+00 -4.2102E+01 -3.6330E+01  1.1938E+02  3.3598E+01 -9.9590E+00  6.9882E+00 -9.8436E+00 -2.9197E+00
             1.3114E+01  2.0353E+01
 
0ITERATION NO.:    5    OBJECTIVE VALUE:   2332.65068146191        NO. OF FUNC. EVALS.:  11
 CUMULATIVE NO. OF FUNC. EVALS.:       68
 NPARAMETR:  4.6007E-01  2.5269E+00  2.0297E-01  4.3829E-01 -6.4897E-01  1.0536E+00  9.6678E-01  1.6707E-01  1.6059E-02  1.0976E-01
             7.9021E-02  5.2475E-02
 PARAMETER:  1.6774E-02  1.1069E-01  1.1472E-01 -3.1738E-02 -1.2979E-01  1.3170E-01  9.6678E-02  1.0047E-02  1.7571E-01  1.4197E-01
            -1.7726E-02  1.2416E-01
 GRADIENT:  -1.2834E+01 -6.1716E+00 -1.2140E+00 -4.1226E+01  1.0957E+02  4.6688E+01 -1.2089E+02  2.2929E+00 -8.7924E+00 -1.9749E+00
             9.0118E+00  1.1696E+01
 
0ITERATION NO.:    6    OBJECTIVE VALUE:   2331.00900906846        NO. OF FUNC. EVALS.:  11
 CUMULATIVE NO. OF FUNC. EVALS.:       79
 NPARAMETR:  4.2987E-01  2.6136E+00  2.0689E-01  4.3581E-01 -7.1370E-01  1.0941E+00  1.1207E+00  1.4809E-01  2.0103E-02  1.1691E-01
             6.6808E-02  5.0871E-02
 PARAMETER: -5.1123E-02  1.4445E-01  1.3387E-01 -3.7395E-02 -1.4274E-01  1.3677E-01  1.1207E-01 -5.0235E-02  2.3362E-01  1.6882E-01
            -1.0167E-01  1.0863E-01
 GRADIENT:  -2.2677E+01 -4.5422E+00  3.7131E+01 -4.4269E+01  1.5306E+02  5.9763E+01 -2.6209E+01 -7.7280E+00 -7.7723E+00  5.2775E+00
             3.1169E+00 -5.2977E+00
 
0ITERATION NO.:    7    OBJECTIVE VALUE:   2330.28615149375        NO. OF FUNC. EVALS.:  12
 CUMULATIVE NO. OF FUNC. EVALS.:       91
 NPARAMETR:  4.1577E-01  2.6601E+00  2.0458E-01  4.3739E-01 -7.7506E-01  1.1124E+00  1.1157E+00  1.4056E-01  2.2004E-02  1.2013E-01
             6.1740E-02  5.0679E-02
 PARAMETER: -8.4475E-02  1.6207E-01  1.2265E-01 -3.3788E-02 -1.5501E-01  1.3904E-01  1.1157E-01 -7.6336E-02  2.6248E-01  1.7967E-01
            -1.4112E-01  1.0674E-01
 GRADIENT:  -1.8274E+01  1.7829E+01 -1.8526E+01 -3.8919E+01  1.3531E+02  6.5642E+01 -4.6601E+01 -1.3046E+01 -5.5615E+00  5.6707E+00
             1.1185E+00 -1.1412E+01
 
0ITERATION NO.:    8    OBJECTIVE VALUE:   2330.07127607668        NO. OF FUNC. EVALS.:  11
 CUMULATIVE NO. OF FUNC. EVALS.:      102
 NPARAMETR:  3.6629E-01  2.6177E+00  2.0490E-01  4.5539E-01 -9.2511E-01  1.1094E+00  1.1128E+00  1.2963E-01  2.8582E-02  1.2684E-01
             4.9444E-02  5.7650E-02
 PARAMETER: -2.1119E-01  1.4599E-01  1.2419E-01  6.5374E-03 -1.8502E-01  1.3867E-01  1.1128E-01 -1.1680E-01  3.5501E-01  1.9592E-01
            -2.5216E-01  1.7118E-01
 GRADIENT:  -2.1426E+01  1.1125E+01  2.9101E+00 -8.0648E+00  1.4390E+02  6.2417E+01 -4.5579E+01 -1.9451E+01 -4.7335E-01  7.5633E+00
            -1.0011E+00  5.2469E+01
 
0ITERATION NO.:    9    OBJECTIVE VALUE:   2329.11013619995        NO. OF FUNC. EVALS.:  11
 CUMULATIVE NO. OF FUNC. EVALS.:      113
 NPARAMETR:  3.0785E-01  2.4362E+00  2.0143E-01  4.6441E-01 -1.1291E+00  1.1399E+00  1.0930E+00  1.3333E-01  3.7334E-02  1.2965E-01
             3.9241E-02  5.4832E-02
 PARAMETER: -3.8498E-01  7.4140E-02  1.0711E-01  2.6150E-02 -2.2582E-01  1.4249E-01  1.0930E-01 -1.0275E-01  4.5725E-01  1.9033E-01
            -3.6772E-01  1.4612E-01
 GRADIENT:  -1.6725E+01 -1.5031E+01  5.0583E-01 -6.1956E+00  1.2145E+02  6.8181E+01 -4.9763E+01 -1.8929E+01  4.6098E+00  1.8345E+00
            -5.4852E+00  2.4261E+01
 
0ITERATION NO.:   10    OBJECTIVE VALUE:   2328.67710809207        NO. OF FUNC. EVALS.:  12
 CUMULATIVE NO. OF FUNC. EVALS.:      125
 NPARAMETR:  2.7891E-01  2.4702E+00  2.0205E-01  4.6219E-01 -1.2500E+00  1.1637E+00  1.1041E+00  1.4520E-01  4.1619E-02  1.3104E-01
             3.6628E-02  5.5010E-02
 PARAMETER: -4.8371E-01  8.7991E-02  1.1020E-01  2.1364E-02 -2.4999E-01  1.4547E-01  1.1041E-01 -6.0098E-02  4.8845E-01  1.8994E-01
            -4.0218E-01  1.4774E-01
 GRADIENT:  -1.6084E+01 -9.4551E+00  4.1225E+00 -7.6784E+00  1.1576E+02  6.7538E+01 -4.8506E+01 -1.0317E+01  5.0000E+00  1.5402E+00
            -6.7396E+00  2.4815E+01
 
0ITERATION NO.:   11    OBJECTIVE VALUE:   2328.67065119526        NO. OF FUNC. EVALS.:  13
 CUMULATIVE NO. OF FUNC. EVALS.:      138
 NPARAMETR:  2.7160E-01  2.4709E+00  2.0208E-01  4.6203E-01 -1.2823E+00  1.1667E+00  1.1040E+00  1.4472E-01  4.1518E-02  1.3123E-01
             3.6884E-02  5.4966E-02
 PARAMETER: -5.1027E-01  8.8286E-02  1.1035E-01  2.1023E-02 -2.5646E-01  1.4584E-01  1.1040E-01 -6.1764E-02  4.8808E-01  1.9082E-01
            -3.9870E-01  1.4735E-01
 GRADIENT:  -1.5974E+01 -9.4500E+00  4.5742E+00 -7.8768E+00  1.1496E+02  6.7196E+01 -4.8264E+01 -1.0598E+01  5.1024E+00  1.6392E+00
            -6.6734E+00  2.4562E+01
 
0ITERATION NO.:   12    OBJECTIVE VALUE:   2328.67065119526        NO. OF FUNC. EVALS.:  30
 CUMULATIVE NO. OF FUNC. EVALS.:      168
 NPARAMETR:  2.7160E-01  2.4709E+00  2.0208E-01  4.6203E-01 -1.2823E+00  1.1667E+00  1.1040E+00  1.4472E-01  4.1518E-02  1.3123E-01
             3.6884E-02  5.4966E-02
 PARAMETER: -5.1027E-01  8.8286E-02  1.1035E-01  2.1023E-02 -2.5646E-01  1.4584E-01  1.1040E-01 -6.1764E-02  4.8808E-01  1.9082E-01
            -3.9870E-01  1.4735E-01
 GRADIENT:  -1.9641E+01 -9.9804E+00  3.4768E+00 -8.1470E+00  8.1873E+01  6.1274E+01 -5.3549E+01 -1.0598E+01  5.1024E+00  1.6392E+00
            -6.6734E+00  2.4444E+01
 
0ITERATION NO.:   13    OBJECTIVE VALUE:   2327.83184331986        NO. OF FUNC. EVALS.:  25
 CUMULATIVE NO. OF FUNC. EVALS.:      193
 NPARAMETR:  3.1296E-01  2.5039E+00  2.0282E-01  4.6004E-01 -1.1169E+00  1.1173E+00  1.1293E+00  1.4703E-01  4.5505E-02  1.2776E-01
             4.2316E-02  5.4392E-02
 PARAMETER: -3.6852E-01  1.0156E-01  1.1400E-01  1.6713E-02 -2.2337E-01  1.3966E-01  1.1293E-01 -5.3839E-02  5.3073E-01  1.6659E-01
            -3.3000E-01  1.4210E-01
 GRADIENT:  -1.4015E+01 -8.5505E+00  3.9749E+00 -7.2150E+00  6.6644E+01  4.2743E+01 -3.6373E+01 -9.7677E+00  5.8581E+00 -5.4252E-02
            -5.2092E+00  2.1545E+01
 
0ITERATION NO.:   14    OBJECTIVE VALUE:   2327.36560012870        NO. OF FUNC. EVALS.:  25
 CUMULATIVE NO. OF FUNC. EVALS.:      218
 NPARAMETR:  3.1708E-01  2.4927E+00  2.0222E-01  4.6228E-01 -1.1082E+00  1.0927E+00  1.1269E+00  1.5175E-01  4.4471E-02  1.4004E-01
             4.5738E-02  5.3580E-02
 PARAMETER: -3.5547E-01  9.7085E-02  1.1104E-01  2.1555E-02 -2.2164E-01  1.3659E-01  1.1269E-01 -3.8050E-02  5.1054E-01  2.2204E-01
            -2.9112E-01  1.3458E-01
 GRADIENT:  -9.0651E+00 -8.0695E+00  3.9878E+00 -4.3955E+00  4.6569E+01  2.7614E+01 -2.8613E+01 -6.0360E+00  4.3309E+00  8.0023E+00
            -3.3990E+00  1.5448E+01
 
0ITERATION NO.:   15    OBJECTIVE VALUE:   2326.17394349665        NO. OF FUNC. EVALS.:  26
 CUMULATIVE NO. OF FUNC. EVALS.:      244
 NPARAMETR:  2.8939E-01  2.5414E+00  2.0287E-01  4.6218E-01 -1.2358E+00  1.0568E+00  1.1710E+00  1.4991E-01  3.5596E-02  1.2216E-01
             5.2015E-02  5.2378E-02
 PARAMETER: -4.4684E-01  1.1641E-01  1.1425E-01  2.1337E-02 -2.4717E-01  1.3210E-01  1.1710E-01 -4.4146E-02  4.1115E-01  1.6674E-01
            -2.2682E-01  1.2323E-01
 GRADIENT:   3.5496E-01 -3.3899E+00  7.7492E+00  1.6918E-01 -1.6206E+00 -6.7523E+00  2.9217E+00 -4.6307E+00  1.3844E+00  1.9439E+00
            -1.7369E+00  4.2969E+00
 
0ITERATION NO.:   16    OBJECTIVE VALUE:   2326.05361427936        NO. OF FUNC. EVALS.:  25
 CUMULATIVE NO. OF FUNC. EVALS.:      269
 NPARAMETR:  2.8950E-01  2.5642E+00  2.0288E-01  4.6004E-01 -1.2368E+00  1.0788E+00  1.1778E+00  1.5601E-01  3.4830E-02  1.1710E-01
             6.0430E-02  5.1594E-02
 PARAMETER: -4.4644E-01  1.2535E-01  1.1430E-01  1.6715E-02 -2.4735E-01  1.3485E-01  1.1778E-01 -2.4190E-02  3.9436E-01  1.4707E-01
            -1.5184E-01  1.1569E-01
 GRADIENT:  -1.0334E+00  1.7981E+00 -1.2374E+00 -1.5163E+00  4.8119E+00  2.5795E+00  3.0609E-01 -7.1480E-01  3.1571E-01  2.1766E-01
             1.5777E+00 -1.5150E+00
 
0ITERATION NO.:   17    OBJECTIVE VALUE:   2326.03739982047        NO. OF FUNC. EVALS.:  25
 CUMULATIVE NO. OF FUNC. EVALS.:      294
 NPARAMETR:  2.9293E-01  2.5519E+00  2.0252E-01  4.6197E-01 -1.2248E+00  1.0770E+00  1.1760E+00  1.5646E-01  3.1661E-02  1.1561E-01
             5.5135E-02  5.1770E-02
 PARAMETER: -4.3468E-01  1.2055E-01  1.1252E-01  2.0899E-02 -2.4496E-01  1.3462E-01  1.1760E-01 -2.2744E-02  3.5796E-01  1.4652E-01
            -1.9769E-01  1.1739E-01
 GRADIENT:   3.8946E-01  1.1526E+00 -1.1345E+00  3.6778E-01  1.4891E-01  1.9049E+00 -9.7376E-02  1.9444E-02 -8.5013E-01 -4.4650E-01
            -7.8835E-01 -1.5520E+00
 
0ITERATION NO.:   18    OBJECTIVE VALUE:   2326.01732306242        NO. OF FUNC. EVALS.:  25
 CUMULATIVE NO. OF FUNC. EVALS.:      319
 NPARAMETR:  2.8810E-01  2.5496E+00  2.0254E-01  4.6176E-01 -1.2440E+00  1.0750E+00  1.1754E+00  1.5679E-01  3.3348E-02  1.1684E-01
             5.5943E-02  5.1830E-02
 PARAMETER: -4.5131E-01  1.1966E-01  1.1262E-01  2.0446E-02 -2.4880E-01  1.3437E-01  1.1754E-01 -2.1715E-02  3.7665E-01  1.4903E-01
            -1.9042E-01  1.1797E-01
 GRADIENT:   1.4812E-01  1.7440E-01 -2.2178E-01 -3.2374E-02 -3.3916E-01  2.4526E-01  5.5931E-01 -2.9438E-02 -1.5027E-01 -6.2028E-02
            -3.7473E-01 -4.6970E-01
 
0ITERATION NO.:   19    OBJECTIVE VALUE:   2326.01545006903        NO. OF FUNC. EVALS.:  25
 CUMULATIVE NO. OF FUNC. EVALS.:      344
 NPARAMETR:  2.8738E-01  2.5497E+00  2.0257E-01  4.6171E-01 -1.2467E+00  1.0744E+00  1.1741E+00  1.5686E-01  3.3743E-02  1.1700E-01
             5.6812E-02  5.1842E-02
 PARAMETER: -4.5379E-01  1.1970E-01  1.1279E-01  2.0321E-02 -2.4934E-01  1.3430E-01  1.1741E-01 -2.1467E-02  3.8101E-01  1.4898E-01
            -1.8271E-01  1.1809E-01
 GRADIENT:   2.6561E-02  1.6169E-02  7.5633E-02 -1.6255E-02 -7.0445E-02  6.9427E-02 -4.1252E-02 -4.1237E-02 -3.2817E-03  1.5879E-02
             3.3784E-02 -2.3223E-02
 
0ITERATION NO.:   20    OBJECTIVE VALUE:   2326.01542063262        NO. OF FUNC. EVALS.:  25
 CUMULATIVE NO. OF FUNC. EVALS.:      369
 NPARAMETR:  2.8721E-01  2.5495E+00  2.0256E-01  4.6173E-01 -1.2473E+00  1.0742E+00  1.1742E+00  1.5694E-01  3.3760E-02  1.1700E-01
             5.6733E-02  5.1846E-02
 PARAMETER: -4.5439E-01  1.1959E-01  1.1273E-01  2.0372E-02 -2.4946E-01  1.3428E-01  1.1742E-01 -2.1241E-02  3.8112E-01  1.4896E-01
            -1.8341E-01  1.1812E-01
 GRADIENT:  -1.2754E-02  9.1536E-03 -1.6932E-02 -1.6055E-03  4.5883E-02 -1.4530E-02  2.8164E-02 -3.1571E-03  2.7089E-03  4.6777E-04
            -1.8475E-03 -1.2818E-02
 
0ITERATION NO.:   21    OBJECTIVE VALUE:   2326.01542063262        NO. OF FUNC. EVALS.:  16
 CUMULATIVE NO. OF FUNC. EVALS.:      385
 NPARAMETR:  2.8721E-01  2.5495E+00  2.0256E-01  4.6173E-01 -1.2473E+00  1.0742E+00  1.1742E+00  1.5694E-01  3.3760E-02  1.1700E-01
             5.6733E-02  5.1846E-02
 PARAMETER: -4.5439E-01  1.1959E-01  1.1273E-01  2.0372E-02 -2.4946E-01  1.3428E-01  1.1742E-01 -2.1241E-02  3.8112E-01  1.4896E-01
            -1.8341E-01  1.1812E-01
 GRADIENT:  -1.2754E-02  9.1536E-03 -1.6932E-02 -1.6055E-03  4.5883E-02 -1.4530E-02  2.8164E-02 -3.1571E-03  2.7089E-03  4.6777E-04
            -1.8475E-03 -1.2818E-02
 Elapsed estimation  time in seconds:     8.72
 Minimum value for a list item exceeded:      1
 Parallelization Warnings are in FPWARN
 Elapsed covariance  time in seconds:    11.59
 Minimum value for a list item exceeded:      1
 Parallelization Warnings are in FPWARN
 Minimum value for a list item exceeded:      1
 Parallelization Warnings are in FPWARN
 Elapsed postprocess time in seconds:     1.24
 Elapsed finaloutput time in seconds:     0.05
Done with nonmem execution
