Wed Oct  9 16:45:50 CDT 2024
$PROBLEM From bbr: see 106.yaml for details

$INPUT C NUM ID TIME AMT RATE EVID MDV CMT DV BLQ WT AGE DOSE

$DATA ../../data/nmdat1.csv IGNORE=@ IGNORE(BLQ=1)

$SUBROUTINE ADVAN13 TRANS1 TOL=8

$MODEL 
  COMP=(DEPOT)
  COMP=(CENT)

$PK
  ; Typical values of PK parameters
  TVCL   = THETA(1)
  TVV    = THETA(2)
  TVKA   = THETA(3)
  TVD1   = THETA(4)
  
  ; PK covariates
  CL_AGE = (AGE/35.0)**THETA(5)
  CL_WT  = (WT/70)**THETA(6)
  V_WT   = (WT/70)**THETA(7)
  
  CLCOV = CL_AGE*CL_WT
  VCOV  = V_WT
  
  ; PK parameters
  CL = TVCL*CLCOV*EXP(ETA(1));
  V  = TVV*VCOV*EXP(ETA(2)); 
  KA = TVKA; 
  D1 = TVD1*EXP(ETA(3));
  
  S2 = V

$DES 
  DADT(1) = -KA*A(1)
  DADT(2) = KA*A(1)-(CL/V)*A(2)

$ERROR
  IPRED = A(2)/S2
  Y=IPRED*(1+EPS(1))

$THETA  ; log values
  (0,0.5)   ;  1 TVCL (L/hr) 
  (0,2.5)   ;  2 TVV  (L) 
  (0,0.2)   ;  3 TVKA (1/hr) 
  (0,0.5)   ;  4 TVD1 (hr) 
  (-0.5)    ;  5 CL_AGE
  (0.8)     ;  6 CL_WT
  (1)       ;  7 V_WT

$OMEGA BLOCK(2)
  0.2       ;ETA(CL)
  0.01 0.1  ;ETA(V)

$OMEGA BLOCK(1)
  0.1       ;ETA(KA)

$SIGMA
  0.05     ; 1 pro error

$EST MAXEVAL=9999 METHOD=1 INTER SIGL=6 NSIG=3 PRINT=1 RANMETHOD=P MSFO=./hwwk6.msf 
$COV PRINT=E RANMETHOD=P
$TABLE NUM IPRED NPDE CWRES NOPRINT ONEHEADER RANMETHOD=P FILE=hwwk6.tab
$TABLE NUM CL V KA D1 ETAS(1:LAST) NOAPPEND NOPRINT ONEHEADER FILE=hwwk6par.tab
NM-TRAN MESSAGES
  
 WARNINGS AND ERRORS (IF ANY) FOR PROBLEM    1
             
 (WARNING  2) NM-TRAN INFERS THAT THE DATA ARE POPULATION.
 
 LIM VALUES MAXLIM ASSESSED BY NMTRAN: 1,2,3,4,5,6,7,8,10,11,13,15,16        

License Registered to: Minnesota Supercomputing Institute
Expiration Date:    14 MAY 2025
Current Date:        9 OCT 2024
Days until program expires : 220
1NONLINEAR MIXED EFFECTS MODEL PROGRAM (NONMEM) VERSION 7.5.0
 ORIGINALLY DEVELOPED BY STUART BEAL, LEWIS SHEINER, AND ALISON BOECKMANN
 CURRENT DEVELOPERS ARE ROBERT BAUER, ICON DEVELOPMENT SOLUTIONS,
 AND ALISON BOECKMANN. IMPLEMENTATION, EFFICIENCY, AND STANDARDIZATION
 PERFORMED BY NOUS INFOSYSTEMS.

 PROBLEM NO.:         1
 From bbr: see 106.yaml for details
0DATA CHECKOUT RUN:              NO
 DATA SET LOCATED ON UNIT NO.:    2
 THIS UNIT TO BE REWOUND:        NO
 NO. OF DATA RECS IN DATA SET:      465
 NO. OF DATA ITEMS IN DATA SET:  14
 ID DATA ITEM IS DATA ITEM NO.:   3
 DEP VARIABLE IS DATA ITEM NO.:  10
 MDV DATA ITEM IS DATA ITEM NO.:  8
0INDICES PASSED TO SUBROUTINE PRED:
   7   4   5   6   0   0   9   0   0   0   0
0LABELS FOR DATA ITEMS:
 C NUM ID TIME AMT RATE EVID MDV CMT DV BLQ WT AGE DOSE
0(NONBLANK) LABELS FOR PRED-DEFINED ITEMS:
 CL V KA D1 IPRED
0FORMAT FOR DATA:
 (E2.0,E4.0,E3.0,2E6.0,E3.0,3E2.0,E8.0,E2.0,E6.0,E3.0,E6.0)

 TOT. NO. OF OBS RECS:      415
 TOT. NO. OF INDIVIDUALS:       50
0LENGTH OF THETA:   7
0DEFAULT THETA BOUNDARY TEST OMITTED:    NO
0OMEGA HAS BLOCK FORM:
  1
  1  1
  0  0  2
0DEFAULT OMEGA BOUNDARY TEST OMITTED:    NO
0SIGMA HAS SIMPLE DIAGONAL FORM WITH DIMENSION:   1
0DEFAULT SIGMA BOUNDARY TEST OMITTED:    NO
0INITIAL ESTIMATE OF THETA:
 LOWER BOUND    INITIAL EST    UPPER BOUND
  0.0000E+00     0.5000E+00     0.1000E+07
  0.0000E+00     0.2500E+01     0.1000E+07
  0.0000E+00     0.2000E+00     0.1000E+07
  0.0000E+00     0.5000E+00     0.1000E+07
 -0.1000E+07    -0.5000E+00     0.1000E+07
 -0.1000E+07     0.8000E+00     0.1000E+07
 -0.1000E+07     0.1000E+01     0.1000E+07
0INITIAL ESTIMATE OF OMEGA:
 BLOCK SET NO.   BLOCK                                                                    FIXED
        1                                                                                   NO
                  0.2000E+00
                  0.1000E-01   0.1000E+00
        2                                                                                   NO
                  0.1000E+00
0INITIAL ESTIMATE OF SIGMA:
 0.5000E-01
0COVARIANCE STEP OMITTED:        NO
 EIGENVLS. PRINTED:             YES
 SPECIAL COMPUTATION:            NO
 COMPRESSED FORMAT:              NO
 GRADIENT METHOD USED:     NOSLOW
 SIGDIGITS ETAHAT (SIGLO):                  -1
 SIGDIGITS GRADIENTS (SIGL):                -1
 EXCLUDE COV FOR FOCE (NOFCOV):              NO
 Cholesky Transposition of R Matrix (CHOLROFF):0
 KNUTHSUMOFF:                                -1
 RESUME COV ANALYSIS (RESUME):               NO
 SIR SAMPLE SIZE (SIRSAMPLE):
 NON-LINEARLY TRANSFORM THETAS DURING COV (THBND): 1
 PRECONDTIONING CYCLES (PRECOND):        0
 PRECONDTIONING TYPES (PRECONDS):        TOS
 FORCED PRECONDTIONING CYCLES (PFCOND):0
 PRECONDTIONING TYPE (PRETYPE):        0
 FORCED POS. DEFINITE SETTING DURING PRECONDITIONING: (FPOSDEF):0
 SIMPLE POS. DEFINITE SETTING: (POSDEF):-1
0TABLES STEP OMITTED:    NO
 NO. OF TABLES:           2
 SEED NUMBER (SEED):    11456
 RANMETHOD:             3UP
 MC SAMPLES (ESAMPLE):    300
 WRES SQUARE ROOT TYPE (WRESCHOL): EIGENVALUE
0-- TABLE   1 --
0RECORDS ONLY:    ALL
04 COLUMNS APPENDED:    YES
 PRINTED:                NO
 HEADER:                YES
 FILE TO BE FORWARDED:   NO
 FORMAT:                S1PE11.4
 IDFORMAT:
 LFORMAT:
 RFORMAT:
 FIXED_EFFECT_ETAS:
0USER-CHOSEN ITEMS:
 NUM IPRED NPDE CWRES
0-- TABLE   2 --
0RECORDS ONLY:    ALL
04 COLUMNS APPENDED:    NO
 PRINTED:                NO
 HEADER:                YES
 FILE TO BE FORWARDED:   NO
 FORMAT:                S1PE11.4
 IDFORMAT:
 LFORMAT:
 RFORMAT:
 FIXED_EFFECT_ETAS:
0USER-CHOSEN ITEMS:
 NUM CL V KA D1 ETA1 ETA2 ETA3
1DOUBLE PRECISION PREDPP VERSION 7.5.0

 GENERAL NONLINEAR KINETICS MODEL WITH STIFF/NONSTIFF EQUATIONS (LSODA, ADVAN13)
0MODEL SUBROUTINE USER-SUPPLIED - ID NO. 9999
0MAXIMUM NO. OF BASIC PK PARAMETERS:   3
0COMPARTMENT ATTRIBUTES
 COMPT. NO.   FUNCTION   INITIAL    ON/OFF      DOSE      DEFAULT    DEFAULT
                         STATUS     ALLOWED    ALLOWED    FOR DOSE   FOR OBS.
    1         DEPOT        ON         YES        YES        YES        YES
    2         CENT         ON         YES        YES        NO         NO
    3         OUTPUT       OFF        YES        NO         NO         NO
 INITIAL (BASE) TOLERANCE SETTINGS:
 NRD (RELATIVE) VALUE(S) OF TOLERANCE:   8
 ANRD (ABSOLUTE) VALUE(S) OF TOLERANCE:  12
1
 ADDITIONAL PK PARAMETERS - ASSIGNMENT OF ROWS IN GG
 COMPT. NO.                             INDICES
              SCALE      BIOAVAIL.   ZERO-ORDER  ZERO-ORDER  ABSORB
                         FRACTION    RATE        DURATION    LAG
    1            *           *           *           4           *
    2            5           *           *           *           *
    3            *           -           -           -           -
             - PARAMETER IS NOT ALLOWED FOR THIS MODEL
             * PARAMETER IS NOT SUPPLIED BY PK SUBROUTINE;
               WILL DEFAULT TO ONE IF APPLICABLE
0DATA ITEM INDICES USED BY PRED ARE:
   EVENT ID DATA ITEM IS DATA ITEM NO.:      7
   TIME DATA ITEM IS DATA ITEM NO.:          4
   DOSE AMOUNT DATA ITEM IS DATA ITEM NO.:   5
   DOSE RATE DATA ITEM IS DATA ITEM NO.:     6
   COMPT. NO. DATA ITEM IS DATA ITEM NO.:    9

0PK SUBROUTINE CALLED WITH EVERY EVENT RECORD.
 PK SUBROUTINE NOT CALLED AT NONEVENT (ADDITIONAL OR LAGGED) DOSE TIMES.
0ERROR SUBROUTINE CALLED WITH EVERY EVENT RECORD.
0ERROR SUBROUTINE INDICATES THAT DERIVATIVES OF COMPARTMENT AMOUNTS ARE USED.
0DES SUBROUTINE USES COMPACT STORAGE MODE.
 
 #PARA: PARAFILE=hwwk6.pnm, PROTOCOL=MPI, NODES= 4
 
1
 
 
 #TBLN:      1
 #METH: First Order Conditional Estimation with Interaction
 
 ESTIMATION STEP OMITTED:                 NO
 ANALYSIS TYPE:                           POPULATION
 NUMBER OF SADDLE POINT RESET ITERATIONS:      0
 GRADIENT METHOD USED:               NOSLOW
 CONDITIONAL ESTIMATES USED:              YES
 CENTERED ETA:                            NO
 EPS-ETA INTERACTION:                     YES
 LAPLACIAN OBJ. FUNC.:                    NO
 NO. OF FUNCT. EVALS. ALLOWED:            9999
 NO. OF SIG. FIGURES REQUIRED:            3
 INTERMEDIATE PRINTOUT:                   YES
 ESTIMATE OUTPUT TO MSF:                  YES
 IND. OBJ. FUNC. VALUES SORTED:           NO
 NUMERICAL DERIVATIVE
       FILE REQUEST (NUMDER):               NONE
 MAP (ETAHAT) ESTIMATION METHOD (OPTMAP):   0
 ETA HESSIAN EVALUATION METHOD (ETADER):    0
 INITIAL ETA FOR MAP ESTIMATION (MCETA):    0
 SIGDIGITS FOR MAP ESTIMATION (SIGLO):      6
 GRADIENT SIGDIGITS OF
       FIXED EFFECTS PARAMETERS (SIGL):     6
 NOPRIOR SETTING (NOPRIOR):                 0
 NOCOV SETTING (NOCOV):                     OFF
 DERCONT SETTING (DERCONT):                 OFF
 FINAL ETA RE-EVALUATION (FNLETA):          1
 EXCLUDE NON-INFLUENTIAL (NON-INFL.) ETAS
       IN SHRINKAGE (ETASTYPE):             NO
 NON-INFL. ETA CORRECTION (NONINFETA):      0
 RAW OUTPUT FILE (FILE): hwwk6.ext
 EXCLUDE TITLE (NOTITLE):                   NO
 EXCLUDE COLUMN LABELS (NOLABEL):           NO
 FORMAT FOR ADDITIONAL FILES (FORMAT):      S1PE12.5
 PARAMETER ORDER FOR OUTPUTS (ORDER):       TSOL
 KNUTHSUMOFF:                               0
 INCLUDE LNTWOPI:                           NO
 INCLUDE CONSTANT TERM TO PRIOR (PRIORC):   NO
 INCLUDE CONSTANT TERM TO OMEGA (ETA) (OLNTWOPI):NO
 ADDITIONAL CONVERGENCE TEST (CTYPE=4)?:    NO
 EM OR BAYESIAN METHOD USED:                 NONE

 TOLERANCES FOR ESTIMATION/EVALUATION STEP:
 NRD (RELATIVE) VALUE(S) OF TOLERANCE:   8
 ANRD (ABSOLUTE) VALUE(S) OF TOLERANCE:  12
 TOLERANCES FOR COVARIANCE STEP:
 NRD (RELATIVE) VALUE(S) OF TOLERANCE:   8
 ANRD (ABSOLUTE) VALUE(S) OF TOLERANCE:  12
 TOLERANCES FOR TABLE/SCATTER STEP:
 NRD (RELATIVE) VALUE(S) OF TOLERANCE:   8
 ANRD (ABSOLUTE) VALUE(S) OF TOLERANCE:  12
 
 THE FOLLOWING LABELS ARE EQUIVALENT
 PRED=PREDI
 RES=RESI
 WRES=WRESI
 IWRS=IWRESI
 IPRD=IPREDI
 IRS=IRESI
 
 MONITORING OF SEARCH:

 
0ITERATION NO.:    0    OBJECTIVE VALUE:   3304.93059203506        NO. OF FUNC. EVALS.:  10
 CUMULATIVE NO. OF FUNC. EVALS.:       10
 NPARAMETR:  5.0000E-01  2.5000E+00  2.0000E-01  5.0000E-01 -5.0000E-01  8.0000E-01  1.0000E+00  2.0000E-01  1.0000E-02  1.0000E-01
             1.0000E-01  5.0000E-02
 PARAMETER:  1.0000E-01  1.0000E-01  1.0000E-01  1.0000E-01 -1.0000E-01  1.0000E-01  1.0000E-01  1.0000E-01  1.0000E-01  1.0000E-01
             1.0000E-01  1.0000E-01
 GRADIENT:  -2.1280E+01  2.8695E+01 -4.9984E+01  4.5523E+01  1.3588E+02 -3.3300E+01 -1.1390E+02  1.3179E+01 -1.0679E+01 -9.7832E+00
             1.6777E+01 -2.7471E+01
 
0ITERATION NO.:    1    OBJECTIVE VALUE:   3302.38328536481        NO. OF FUNC. EVALS.:  12
 CUMULATIVE NO. OF FUNC. EVALS.:       22
 NPARAMETR:  5.0152E-01  2.4898E+00  2.0143E-01  4.9676E-01 -5.9699E-01  8.3803E-01  1.1626E+00  1.9925E-01  1.0133E-02  1.0029E-01
             9.9522E-02  5.0394E-02
 PARAMETER:  1.0304E-01  9.5903E-02  1.0714E-01  9.3501E-02 -1.1940E-01  1.0475E-01  1.1626E-01  9.8118E-02  1.0152E-01  1.0140E-01
             9.7605E-02  1.0392E-01
 GRADIENT:   1.9736E+01  3.1824E+00  1.3694E+01  3.9697E+01 -3.4480E+01 -5.2468E+01  6.2155E+00  1.4804E+01 -1.0602E+01 -7.2409E+00
             1.7216E+01 -2.3346E+01
 
0ITERATION NO.:    2    OBJECTIVE VALUE:   3301.93584163645        NO. OF FUNC. EVALS.:  12
 CUMULATIVE NO. OF FUNC. EVALS.:       34
 NPARAMETR:  4.9674E-01  2.4859E+00  2.0010E-01  4.8729E-01 -5.1336E-01  1.0416E+00  1.1325E+00  1.9641E-01  1.0571E-02  1.0105E-01
             9.7874E-02  5.1548E-02
 PARAMETER:  9.3464E-02  9.4360E-02  1.0049E-01  7.4244E-02 -1.0267E-01  1.3021E-01  1.1325E-01  9.0937E-02  1.0667E-01  1.0491E-01
             8.9253E-02  1.1525E-01
 GRADIENT:  -2.6738E+01  1.1670E+01 -3.0089E+01  2.5938E+01  1.6397E+02  4.0359E+01 -3.1903E+01  1.2205E+01 -1.0059E+01 -6.7161E+00
             1.7604E+01 -7.6989E+00
 
0ITERATION NO.:    3    OBJECTIVE VALUE:   3300.68476746425        NO. OF FUNC. EVALS.:  12
 CUMULATIVE NO. OF FUNC. EVALS.:       46
 NPARAMETR:  4.9385E-01  2.4752E+00  1.9978E-01  4.7355E-01 -5.8631E-01  1.2178E+00  1.1637E+00  1.9206E-01  1.1266E-02  1.0228E-01
             9.5220E-02  5.3141E-02
 PARAMETER:  8.7627E-02  9.0040E-02  9.8882E-02  4.5651E-02 -1.1726E-01  1.5222E-01  1.1637E-01  7.9739E-02  1.1497E-01  1.1054E-01
             7.5509E-02  1.3047E-01
 GRADIENT:  -6.3723E+00 -1.4809E+00 -1.8882E+01  6.2236E+00  8.3351E+01  8.4576E+01 -1.4037E+01  1.0747E+01 -9.9186E+00 -5.4652E+00
             1.7296E+01  8.4193E+00
 
0ITERATION NO.:    4    OBJECTIVE VALUE:   3299.97254621892        NO. OF FUNC. EVALS.:  11
 CUMULATIVE NO. OF FUNC. EVALS.:       57
 NPARAMETR:  4.7638E-01  2.4802E+00  1.9852E-01  4.4221E-01 -6.0592E-01  9.8561E-01  1.1442E+00  1.7791E-01  1.3717E-02  1.0656E-01
             8.6007E-02  5.5727E-02
 PARAMETER:  5.1612E-02  9.2047E-02  9.2559E-02 -2.2825E-02 -1.2118E-01  1.2320E-01  1.1442E-01  4.1474E-02  1.4544E-01  1.2927E-01
             2.4629E-02  1.5422E-01
 GRADIENT:  -1.3296E+01 -8.0526E+00 -4.4260E+01 -4.2554E+01  1.0703E+02  1.1628E+01 -1.0725E+01  6.2495E+00 -9.5718E+00 -2.3497E+00
             1.2376E+01  3.3013E+01
 
0ITERATION NO.:    5    OBJECTIVE VALUE:   3298.90842000910        NO. OF FUNC. EVALS.:  11
 CUMULATIVE NO. OF FUNC. EVALS.:       68
 NPARAMETR:  4.5075E-01  2.5376E+00  2.0404E-01  4.3517E-01 -6.7165E-01  1.0133E+00  9.8714E-01  1.6012E-01  1.7310E-02  1.1258E-01
             7.4192E-02  5.3916E-02
 PARAMETER: -3.6843E-03  1.1495E-01  1.1999E-01 -3.8867E-02 -1.3433E-01  1.2667E-01  9.8714E-02 -1.1184E-02  1.9346E-01  1.5336E-01
            -4.9258E-02  1.3770E-01
 GRADIENT:  -1.2768E+01 -1.1965E+01  1.6057E+01 -5.2374E+01  1.0812E+02  2.9986E+01 -9.9962E+01 -5.4922E-01 -8.7121E+00  2.7102E-01
             6.5245E+00  1.7788E+01
 
0ITERATION NO.:    6    OBJECTIVE VALUE:   3297.49776033157        NO. OF FUNC. EVALS.:  12
 CUMULATIVE NO. OF FUNC. EVALS.:       80
 NPARAMETR:  4.3126E-01  2.5906E+00  2.0519E-01  4.3366E-01 -7.1701E-01  1.0424E+00  1.1197E+00  1.4809E-01  1.9891E-02  1.1741E-01
             6.6314E-02  5.2652E-02
 PARAMETER: -4.7896E-02  1.3559E-01  1.2562E-01 -4.2351E-02 -1.4340E-01  1.3030E-01  1.1197E-01 -5.0236E-02  2.3115E-01  1.7123E-01
            -1.0539E-01  1.2584E-01
 GRADIENT:  -1.8793E+01 -7.1933E+00  1.9845E+01 -5.5320E+01  1.3454E+02  3.5193E+01 -2.2364E+01 -7.5257E+00 -7.6103E+00  4.8153E+00
             2.9140E+00  3.8741E+00
 
0ITERATION NO.:    7    OBJECTIVE VALUE:   3296.92084880409        NO. OF FUNC. EVALS.:  12
 CUMULATIVE NO. OF FUNC. EVALS.:       92
 NPARAMETR:  4.1969E-01  2.6250E+00  2.0317E-01  4.3557E-01 -7.7010E-01  1.0584E+00  1.0877E+00  1.4211E-01  2.1458E-02  1.2004E-01
             6.2094E-02  5.2541E-02
 PARAMETER: -7.5099E-02  1.4881E-01  1.1574E-01 -3.7949E-02 -1.5402E-01  1.3230E-01  1.0877E-01 -7.0853E-02  2.5456E-01  1.8017E-01
            -1.3826E-01  1.2478E-01
 GRADIENT:  -1.3569E+01  1.1995E+01 -2.8356E+01 -5.0233E+01  1.1330E+02  4.0852E+01 -5.6045E+01 -1.1625E+01 -5.8077E+00  5.0472E+00
             1.3430E+00 -1.0864E+00
 
0ITERATION NO.:    8    OBJECTIVE VALUE:   3296.40244388373        NO. OF FUNC. EVALS.:  11
 CUMULATIVE NO. OF FUNC. EVALS.:      103
 NPARAMETR:  3.7498E-01  2.6188E+00  2.0460E-01  4.5607E-01 -9.0049E-01  1.0508E+00  1.0952E+00  1.3080E-01  2.7326E-02  1.2685E-01
             5.0238E-02  5.8648E-02
 PARAMETER: -1.8775E-01  1.4642E-01  1.2275E-01  8.0313E-03 -1.8010E-01  1.3135E-01  1.0952E-01 -1.1231E-01  3.3789E-01  1.9840E-01
            -2.4420E-01  1.7977E-01
 GRADIENT:  -1.7534E+01  1.1354E+01  6.5076E-01 -1.2065E+01  1.2564E+02  3.4063E+01 -4.9047E+01 -1.7904E+01 -1.4378E+00  7.4515E+00
            -2.9319E-01  5.3689E+01
 
0ITERATION NO.:    9    OBJECTIVE VALUE:   3295.42349018634        NO. OF FUNC. EVALS.:  11
 CUMULATIVE NO. OF FUNC. EVALS.:      114
 NPARAMETR:  3.0597E-01  2.4032E+00  2.0027E-01  4.6719E-01 -1.1405E+00  1.0881E+00  1.0756E+00  1.3668E-01  3.7745E-02  1.2957E-01
             3.7859E-02  5.6248E-02
 PARAMETER: -3.9113E-01  6.0505E-02  1.0133E-01  3.2125E-02 -2.2810E-01  1.3601E-01  1.0756E-01 -9.0339E-02  4.5659E-01  1.9008E-01
            -3.8565E-01  1.5887E-01
 GRADIENT:  -1.1769E+01 -1.9663E+01 -3.7696E+00 -1.1400E+01  9.7562E+01  4.1038E+01 -5.0385E+01 -1.5876E+01  4.3458E+00  3.8020E-01
            -5.1408E+00  2.8605E+01
 
0ITERATION NO.:   10    OBJECTIVE VALUE:   3294.99045973532        NO. OF FUNC. EVALS.:  12
 CUMULATIVE NO. OF FUNC. EVALS.:      126
 NPARAMETR:  2.7652E-01  2.4435E+00  2.0103E-01  4.6475E-01 -1.2645E+00  1.1119E+00  1.0880E+00  1.4960E-01  4.2116E-02  1.3098E-01
             3.5143E-02  5.6436E-02
 PARAMETER: -4.9233E-01  7.7155E-02  1.0516E-01  2.6896E-02 -2.5291E-01  1.3899E-01  1.0880E-01 -4.5191E-02  4.8697E-01  1.9002E-01
            -4.2287E-01  1.6054E-01
 GRADIENT:  -1.1504E+01 -1.3182E+01  3.4046E-01 -1.1862E+01  9.3534E+01  4.1814E+01 -4.9097E+01 -6.8881E+00  4.6203E+00  1.7830E-01
            -6.4439E+00  2.9319E+01
 
0ITERATION NO.:   11    OBJECTIVE VALUE:   3294.98459364434        NO. OF FUNC. EVALS.:  13
 CUMULATIVE NO. OF FUNC. EVALS.:      139
 NPARAMETR:  2.6937E-01  2.4444E+00  2.0107E-01  4.6459E-01 -1.2964E+00  1.1152E+00  1.0879E+00  1.4912E-01  4.2006E-02  1.3116E-01
             3.5379E-02  5.6393E-02
 PARAMETER: -5.1853E-01  7.7491E-02  1.0531E-01  2.6538E-02 -2.5928E-01  1.3940E-01  1.0879E-01 -4.6779E-02  4.8647E-01  1.9085E-01
            -4.1952E-01  1.6016E-01
 GRADIENT:  -1.1414E+01 -1.3153E+01  7.7862E-01 -1.2059E+01  9.2831E+01  4.1529E+01 -4.8867E+01 -7.1586E+00  4.7179E+00  2.7894E-01
            -6.3917E+00  2.9069E+01
 
0ITERATION NO.:   12    OBJECTIVE VALUE:   3294.98459364434        NO. OF FUNC. EVALS.:  30
 CUMULATIVE NO. OF FUNC. EVALS.:      169
 NPARAMETR:  2.6937E-01  2.4444E+00  2.0107E-01  4.6459E-01 -1.2964E+00  1.1152E+00  1.0879E+00  1.4912E-01  4.2006E-02  1.3116E-01
             3.5379E-02  5.6393E-02
 PARAMETER: -5.1853E-01  7.7491E-02  1.0531E-01  2.6538E-02 -2.5928E-01  1.3940E-01  1.0879E-01 -4.6779E-02  4.8647E-01  1.9085E-01
            -4.1952E-01  1.6016E-01
 GRADIENT:  -1.5037E+01 -1.3675E+01 -2.4800E-01 -1.2332E+01  6.0335E+01  3.6033E+01 -5.3995E+01 -7.1586E+00  4.7179E+00  2.7894E-01
            -6.3917E+00  2.8940E+01
 
0ITERATION NO.:   13    OBJECTIVE VALUE:   3293.87128177467        NO. OF FUNC. EVALS.:  26
 CUMULATIVE NO. OF FUNC. EVALS.:      195
 NPARAMETR:  3.4794E-01  2.5098E+00  2.0252E-01  4.6169E-01 -9.9828E-01  1.0482E+00  1.1324E+00  1.5319E-01  4.8228E-02  1.2792E-01
             4.5819E-02  5.4897E-02
 PARAMETER: -2.6257E-01  1.0393E-01  1.1250E-01  2.0282E-02 -1.9966E-01  1.3102E-01  1.1324E-01 -3.3329E-02  5.5106E-01  1.6243E-01
            -2.9023E-01  1.4671E-01
 GRADIENT:  -6.2459E+00 -8.8415E+00  1.0687E+00 -8.6814E+00  3.9159E+01  1.3511E+01 -2.5443E+01 -6.4750E+00  5.7088E+00 -3.5106E-01
            -3.5207E+00  1.9599E+01
 
0ITERATION NO.:   14    OBJECTIVE VALUE:   3293.14414055772        NO. OF FUNC. EVALS.:  25
 CUMULATIVE NO. OF FUNC. EVALS.:      220
 NPARAMETR:  3.2982E-01  2.5092E+00  2.0216E-01  4.6456E-01 -1.0720E+00  1.0431E+00  1.1421E+00  1.5558E-01  4.2725E-02  1.3416E-01
             4.9423E-02  5.3762E-02
 PARAMETER: -3.1606E-01  1.0366E-01  1.1076E-01  2.6488E-02 -2.1440E-01  1.3039E-01  1.1421E-01 -2.5578E-02  4.8441E-01  2.0368E-01
            -2.5237E-01  1.3627E-01
 GRADIENT:  -1.8289E+00 -6.7694E+00  3.6119E+00 -3.4722E+00  1.6880E+01  1.8535E+00 -1.4825E+01 -3.0943E+00  3.1511E+00  5.9282E+00
            -1.7446E+00  9.8172E+00
 
0ITERATION NO.:   15    OBJECTIVE VALUE:   3292.65737329302        NO. OF FUNC. EVALS.:  25
 CUMULATIVE NO. OF FUNC. EVALS.:      245
 NPARAMETR:  3.1156E-01  2.5415E+00  2.0274E-01  4.6419E-01 -1.1473E+00  1.0445E+00  1.1674E+00  1.5243E-01  3.7608E-02  1.2188E-01
             5.1400E-02  5.3253E-02
 PARAMETER: -3.7301E-01  1.1645E-01  1.1363E-01  2.5689E-02 -2.2947E-01  1.3057E-01  1.1674E-01 -3.5797E-02  4.3078E-01  1.6184E-01
            -2.3277E-01  1.3151E-01
 GRADIENT:   7.2534E-01 -2.9720E+00  5.1013E+00 -1.0017E+00  1.6466E+00 -6.6325E+00 -1.1849E+00 -3.5730E+00  1.7101E+00  8.8749E-01
            -1.5843E+00  4.4644E+00
 
0ITERATION NO.:   16    OBJECTIVE VALUE:   3292.53967650386        NO. OF FUNC. EVALS.:  25
 CUMULATIVE NO. OF FUNC. EVALS.:      270
 NPARAMETR:  2.8253E-01  2.5619E+00  2.0276E-01  4.6227E-01 -1.2671E+00  1.0805E+00  1.1791E+00  1.5604E-01  3.6370E-02  1.1882E-01
             5.9958E-02  5.2476E-02
 PARAMETER: -4.7082E-01  1.2447E-01  1.1369E-01  2.1549E-02 -2.5341E-01  1.3506E-01  1.1791E-01 -2.4092E-02  4.1176E-01  1.5171E-01
            -1.5576E-01  1.2417E-01
 GRADIENT:  -1.1368E+00  1.6151E+00 -1.4207E+00 -2.4528E+00  3.2246E+00  1.5903E+00 -4.1213E-02 -9.1717E-01  1.0482E+00  3.0474E-01
             1.8103E+00 -1.0814E+00
 
0ITERATION NO.:   17    OBJECTIVE VALUE:   3292.47983194282        NO. OF FUNC. EVALS.:  25
 CUMULATIVE NO. OF FUNC. EVALS.:      295
 NPARAMETR:  2.8640E-01  2.5534E+00  2.0248E-01  4.6399E-01 -1.2521E+00  1.0826E+00  1.1794E+00  1.5606E-01  3.2944E-02  1.1731E-01
             5.6216E-02  5.2550E-02
 PARAMETER: -4.5722E-01  1.2115E-01  1.1234E-01  2.5256E-02 -2.5041E-01  1.3533E-01  1.1794E-01 -2.4050E-02  3.7295E-01  1.5177E-01
            -1.8799E-01  1.2487E-01
 GRADIENT:  -3.4328E-01  1.5869E+00 -1.5302E+00 -6.4974E-01  1.5322E+00  2.8047E+00 -1.6378E-01 -3.5841E-01 -2.3038E-01 -7.0526E-02
             1.7277E-01 -1.6523E+00
 
0ITERATION NO.:   18    OBJECTIVE VALUE:   3292.47357576856        NO. OF FUNC. EVALS.:  25
 CUMULATIVE NO. OF FUNC. EVALS.:      320
 NPARAMETR:  2.8642E-01  2.5448E+00  2.0239E-01  4.6465E-01 -1.2516E+00  1.0742E+00  1.1774E+00  1.5668E-01  3.3782E-02  1.1815E-01
             5.5313E-02  5.2722E-02
 PARAMETER: -4.5716E-01  1.1775E-01  1.1188E-01  2.6685E-02 -2.5032E-01  1.3427E-01  1.1774E-01 -2.2061E-02  3.8167E-01  1.5407E-01
            -1.9608E-01  1.2651E-01
 GRADIENT:   1.1965E-01 -2.0867E-01  3.0027E-01 -1.6624E-01 -7.3777E-01 -7.0184E-01  7.2440E-01 -1.3329E-01  1.0854E-01  9.0800E-02
            -1.3699E-01 -1.1558E-02
 
0ITERATION NO.:   19    OBJECTIVE VALUE:   3292.47304186591        NO. OF FUNC. EVALS.:  25
 CUMULATIVE NO. OF FUNC. EVALS.:      345
 NPARAMETR:  2.8728E-01  2.5452E+00  2.0239E-01  4.6470E-01 -1.2478E+00  1.0750E+00  1.1767E+00  1.5677E-01  3.3559E-02  1.1788E-01
             5.5614E-02  5.2714E-02
 PARAMETER: -4.5415E-01  1.1791E-01  1.1190E-01  2.6777E-02 -2.4957E-01  1.3437E-01  1.1767E-01 -2.1777E-02  3.7905E-01  1.5331E-01
            -1.9336E-01  1.2643E-01
 GRADIENT:   1.4306E-02 -2.7356E-02  9.0345E-02 -3.0068E-02 -7.9159E-03 -3.0698E-02  5.5649E-02 -4.7309E-02  2.6859E-04  2.9086E-02
            -5.9578E-03 -1.9153E-02
 
0ITERATION NO.:   20    OBJECTIVE VALUE:   3292.47301696310        NO. OF FUNC. EVALS.:  25
 CUMULATIVE NO. OF FUNC. EVALS.:      370
 NPARAMETR:  2.8705E-01  2.5452E+00  2.0239E-01  4.6471E-01 -1.2488E+00  1.0752E+00  1.1767E+00  1.5684E-01  3.3562E-02  1.1783E-01
             5.5629E-02  5.2714E-02
 PARAMETER: -4.5494E-01  1.1792E-01  1.1187E-01  2.6807E-02 -2.4976E-01  1.3440E-01  1.1767E-01 -2.1546E-02  3.7900E-01  1.5311E-01
            -1.9323E-01  1.2643E-01
 GRADIENT:  -7.5693E-03  1.4582E-02 -1.2303E-02  2.4258E-03  2.9882E-02  6.3626E-03  1.9376E-02 -4.5639E-03 -9.5695E-04 -3.4102E-05
            -1.3157E-03 -1.4544E-02
 
0ITERATION NO.:   21    OBJECTIVE VALUE:   3292.47301696310        NO. OF FUNC. EVALS.:  16
 CUMULATIVE NO. OF FUNC. EVALS.:      386
 NPARAMETR:  2.8705E-01  2.5452E+00  2.0239E-01  4.6471E-01 -1.2488E+00  1.0752E+00  1.1767E+00  1.5684E-01  3.3562E-02  1.1783E-01
             5.5629E-02  5.2714E-02
 PARAMETER: -4.5494E-01  1.1792E-01  1.1187E-01  2.6807E-02 -2.4976E-01  1.3440E-01  1.1767E-01 -2.1546E-02  3.7900E-01  1.5311E-01
            -1.9323E-01  1.2643E-01
 GRADIENT:  -7.5693E-03  1.4582E-02 -1.2303E-02  2.4258E-03  2.9882E-02  6.3626E-03  1.9376E-02 -4.5639E-03 -9.5695E-04 -3.4102E-05
            -1.3157E-03 -1.4544E-02
 
 #TERM:
0MINIMIZATION SUCCESSFUL
 NO. OF FUNCTION EVALUATIONS USED:      386
 NO. OF SIG. DIGITS IN FINAL EST.:  3.5

 ETABAR IS THE ARITHMETIC MEAN OF THE ETA-ESTIMATES,
 AND THE P-VALUE IS GIVEN FOR THE NULL HYPOTHESIS THAT THE TRUE MEAN IS 0.
 
 ETABAR:        -3.0566E-04  2.2742E-03 -1.3931E-03
 SE:             5.4307E-02  4.4142E-02  2.4024E-02
 N:                      50          50          50
 
 P VAL.:         9.9551E-01  9.5891E-01  9.5376E-01
 
 ETASHRINKSD(%)  2.0503E+00  8.1466E+00  2.7246E+01
 ETASHRINKVR(%)  4.0585E+00  1.5630E+01  4.7069E+01
 EBVSHRINKSD(%)  2.7931E+00  8.6184E+00  2.8059E+01
 EBVSHRINKVR(%)  5.5082E+00  1.6494E+01  4.8244E+01
 RELATIVEINF(%)  9.5175E+01  7.5792E+01  4.7063E+01
 EPSSHRINKSD(%)  1.3353E+01
 EPSSHRINKVR(%)  2.4923E+01
 
  
 TOTAL DATA POINTS NORMALLY DISTRIBUTED (N):          415
 N*LOG(2PI) CONSTANT TO OBJECTIVE FUNCTION:    762.718982559878     
 OBJECTIVE FUNCTION VALUE WITHOUT CONSTANT:    3292.47301696310     
 OBJECTIVE FUNCTION VALUE WITH CONSTANT:       4055.19199952298     
 REPORTED OBJECTIVE FUNCTION DOES NOT CONTAIN CONSTANT
  
 TOTAL EFFECTIVE ETAS (NIND*NETA):                           150
  
 #TERE:
 Elapsed estimation  time in seconds:    37.35
 Elapsed covariance  time in seconds:     6.86
 Elapsed postprocess time in seconds:     0.63
1
 
 
 
 
 
 
 
 
 
 
 
 
 
 
 
 
 
 
 
 
 ************************************************************************************************************************
 ********************                                                                                ********************
 ********************               FIRST ORDER CONDITIONAL ESTIMATION WITH INTERACTION              ********************
 #OBJT:**************                       MINIMUM VALUE OF OBJECTIVE FUNCTION                      ********************
 ********************                                                                                ********************
 ************************************************************************************************************************
 





 #OBJV:********************************************     3292.473       **************************************************
1
 ************************************************************************************************************************
 ********************                                                                                ********************
 ********************               FIRST ORDER CONDITIONAL ESTIMATION WITH INTERACTION              ********************
 ********************                             FINAL PARAMETER ESTIMATE                           ********************
 ********************                                                                                ********************
 ************************************************************************************************************************
 


 THETA - VECTOR OF FIXED EFFECTS PARAMETERS   *********


         TH 1      TH 2      TH 3      TH 4      TH 5      TH 6      TH 7     
 
         2.87E-01  2.55E+00  2.02E-01  4.65E-01 -1.25E+00  1.08E+00  1.18E+00
 


 OMEGA - COV MATRIX FOR RANDOM EFFECTS - ETAS  ********


         ETA1      ETA2      ETA3     
 
 ETA1
+        1.57E-01
 
 ETA2
+        3.36E-02  1.18E-01
 
 ETA3
+        0.00E+00  0.00E+00  5.56E-02
 


 SIGMA - COV MATRIX FOR RANDOM EFFECTS - EPSILONS  ****


         EPS1     
 
 EPS1
+        5.27E-02
 
1


 OMEGA - CORR MATRIX FOR RANDOM EFFECTS - ETAS  *******


         ETA1      ETA2      ETA3     
 
 ETA1
+        3.96E-01
 
 ETA2
+        2.47E-01  3.43E-01
 
 ETA3
+        0.00E+00  0.00E+00  2.36E-01
 


 SIGMA - CORR MATRIX FOR RANDOM EFFECTS - EPSILONS  ***


         EPS1     
 
 EPS1
+        2.30E-01
 
1
 ************************************************************************************************************************
 ********************                                                                                ********************
 ********************               FIRST ORDER CONDITIONAL ESTIMATION WITH INTERACTION              ********************
 ********************                            STANDARD ERROR OF ESTIMATE                          ********************
 ********************                                                                                ********************
 ************************************************************************************************************************
 


 THETA - VECTOR OF FIXED EFFECTS PARAMETERS   *********


         TH 1      TH 2      TH 3      TH 4      TH 5      TH 6      TH 7     
 
         9.62E-02  1.86E-01  6.27E-03  2.37E-02  3.85E-01  2.64E-01  1.74E-01
 


 OMEGA - COV MATRIX FOR RANDOM EFFECTS - ETAS  ********


         ETA1      ETA2      ETA3     
 
 ETA1
+        3.47E-02
 
 ETA2
+        1.88E-02  2.87E-02
 
 ETA3
+       ......... .........  2.37E-02
 


 SIGMA - COV MATRIX FOR RANDOM EFFECTS - EPSILONS  ****


         EPS1     
 
 EPS1
+        4.68E-03
 
1


 OMEGA - CORR MATRIX FOR RANDOM EFFECTS - ETAS  *******


         ETA1      ETA2      ETA3     
 
 ETA1
+        4.38E-02
 
 ETA2
+        1.37E-01  4.18E-02
 
 ETA3
+       ......... .........  5.03E-02
 


 SIGMA - CORR MATRIX FOR RANDOM EFFECTS - EPSILONS  ***


         EPS1     
 
 EPS1
+        1.02E-02
 
1
 ************************************************************************************************************************
 ********************                                                                                ********************
 ********************               FIRST ORDER CONDITIONAL ESTIMATION WITH INTERACTION              ********************
 ********************                          COVARIANCE MATRIX OF ESTIMATE                         ********************
 ********************                                                                                ********************
 ************************************************************************************************************************
 

            TH 1      TH 2      TH 3      TH 4      TH 5      TH 6      TH 7      OM11      OM12      OM13      OM22      OM23  
             OM33      SG11  
 
 TH 1
+        9.26E-03
 
 TH 2
+        2.47E-04  3.47E-02
 
 TH 3
+        8.69E-05  7.06E-04  3.93E-05
 
 TH 4
+       -2.61E-04 -1.80E-03 -3.86E-05  5.61E-04
 
 TH 5
+        3.64E-02 -1.63E-03  3.78E-04 -8.03E-04  1.48E-01
 
 TH 6
+        3.59E-03  5.63E-04  1.43E-06 -1.42E-04  2.39E-03  6.97E-02
 
 TH 7
+        2.92E-03  1.21E-02  3.04E-04 -1.13E-03  1.28E-02  4.34E-03  3.02E-02
 
 OM11
+        5.56E-04 -1.47E-03 -6.60E-05  1.79E-04  2.07E-03 -6.84E-04 -1.01E-03  1.21E-03
 
 OM12
+        1.51E-04  1.36E-03  3.33E-07 -6.13E-05  4.97E-04 -8.65E-04  7.13E-04 -4.82E-05  3.52E-04
 
 OM13
+       ......... ......... ......... ......... ......... ......... ......... ......... ......... .........
 
 OM22
+        4.00E-04 -5.88E-04 -4.57E-05 -4.59E-05  1.06E-03  9.70E-05 -6.93E-04 -3.19E-06  1.62E-04 .........  8.24E-04
 
 OM23
+       ......... ......... ......... ......... ......... ......... ......... ......... ......... ......... ......... .........
 
 OM33
+        1.86E-04 -5.82E-04  2.34E-05 -2.28E-04  7.90E-04  1.71E-04  9.46E-04 -2.50E-04  7.79E-06 .........  1.53E-05 .........
          5.64E-04
 
 SG11
+       -3.14E-05  9.97E-05 -1.75E-06  2.26E-05 -8.45E-05  3.86E-05  1.44E-04  3.32E-05  9.18E-06 ......... -2.06E-05 .........
         -4.38E-05  2.19E-05
 
1
 ************************************************************************************************************************
 ********************                                                                                ********************
 ********************               FIRST ORDER CONDITIONAL ESTIMATION WITH INTERACTION              ********************
 ********************                          CORRELATION MATRIX OF ESTIMATE                        ********************
 ********************                                                                                ********************
 ************************************************************************************************************************
 

            TH 1      TH 2      TH 3      TH 4      TH 5      TH 6      TH 7      OM11      OM12      OM13      OM22      OM23  
             OM33      SG11  
 
 TH 1
+        9.62E-02
 
 TH 2
+        1.38E-02  1.86E-01
 
 TH 3
+        1.44E-01  6.04E-01  6.27E-03
 
 TH 4
+       -1.14E-01 -4.07E-01 -2.60E-01  2.37E-02
 
 TH 5
+        9.81E-01 -2.27E-02  1.57E-01 -8.79E-02  3.85E-01
 
 TH 6
+        1.41E-01  1.15E-02  8.62E-04 -2.26E-02  2.35E-02  2.64E-01
 
 TH 7
+        1.74E-01  3.74E-01  2.79E-01 -2.74E-01  1.91E-01  9.46E-02  1.74E-01
 
 OM11
+        1.66E-01 -2.28E-01 -3.03E-01  2.18E-01  1.55E-01 -7.46E-02 -1.67E-01  3.47E-02
 
 OM12
+        8.35E-02  3.90E-01  2.83E-03 -1.38E-01  6.88E-02 -1.75E-01  2.19E-01 -7.41E-02  1.88E-02
 
 OM13
+       ......... ......... ......... ......... ......... ......... ......... ......... ......... .........
 
 OM22
+        1.45E-01 -1.10E-01 -2.54E-01 -6.75E-02  9.59E-02  1.28E-02 -1.39E-01 -3.20E-03  3.02E-01 .........  2.87E-02
 
 OM23
+       ......... ......... ......... ......... ......... ......... ......... ......... ......... ......... ......... .........
 
 OM33
+        8.13E-02 -1.32E-01  1.57E-01 -4.05E-01  8.64E-02  2.73E-02  2.29E-01 -3.03E-01  1.75E-02 .........  2.25E-02 .........
          2.37E-02
 
 SG11
+       -6.97E-02  1.14E-01 -5.96E-02  2.04E-01 -4.69E-02  3.12E-02  1.77E-01  2.04E-01  1.05E-01 ......... -1.53E-01 .........
         -3.94E-01  4.68E-03
 
1
 ************************************************************************************************************************
 ********************                                                                                ********************
 ********************               FIRST ORDER CONDITIONAL ESTIMATION WITH INTERACTION              ********************
 ********************                      INVERSE COVARIANCE MATRIX OF ESTIMATE                     ********************
 ********************                                                                                ********************
 ************************************************************************************************************************
 

            TH 1      TH 2      TH 3      TH 4      TH 5      TH 6      TH 7      OM11      OM12      OM13      OM22      OM23  
             OM33      SG11  
 
 TH 1
+        6.73E+03
 
 TH 2
+       -2.79E+02  1.16E+02
 
 TH 3
+        3.26E+03 -1.78E+03  6.19E+04
 
 TH 4
+        9.80E+01  2.81E+02 -2.79E+03  3.15E+03
 
 TH 5
+       -1.64E+03  7.56E+01 -1.02E+03 -5.78E+00  4.10E+02
 
 TH 6
+       -3.07E+02  8.00E+00 -4.50E+01 -1.43E+01  7.43E+01  2.96E+01
 
 TH 7
+        1.30E+02 -2.32E+01  1.76E+02  8.17E+00 -3.64E+01 -8.39E+00  5.28E+01
 
 OM11
+       -7.29E+02  4.70E+01  1.15E+03  8.50E+00  1.54E+02  4.43E+01  4.36E+00  1.18E+03
 
 OM12
+       -2.83E+02 -3.57E+02  5.71E+03 -7.65E+02  4.11E+01  8.50E+01 -3.62E+01  1.20E+02  4.99E+03
 
 OM13
+       ......... ......... ......... ......... ......... ......... ......... ......... ......... .........
 
 OM22
+       -8.55E+02  7.95E+01  9.27E+02  2.88E+02  1.95E+02  2.22E+01  2.23E+01  1.87E+02 -9.63E+02 .........  1.73E+03
 
 OM23
+       ......... ......... ......... ......... ......... ......... ......... ......... ......... ......... ......... .........
 
 OM33
+       -4.04E+02  3.47E+02 -4.85E+03  1.58E+03  1.14E+02  5.04E+00 -1.36E+02  4.05E+02 -1.03E+03 .........  2.52E+02 .........
          3.72E+03
 
 SG11
+        4.04E+03 -8.55E+01  2.63E+03 -9.25E+02 -9.25E+02 -2.47E+02 -4.18E+02 -1.54E+03 -2.52E+03 .........  1.00E+03 .........
          4.63E+03  6.62E+04
 
1
 
 
 
 
 
 
 
 
 
 
 
 
 
 
 
 
 
 
 
 
 ************************************************************************************************************************
 ********************                                                                                ********************
 ********************               FIRST ORDER CONDITIONAL ESTIMATION WITH INTERACTION              ********************
 ********************                      EIGENVALUES OF COR MATRIX OF ESTIMATE                     ********************
 ********************                                                                                ********************
 ************************************************************************************************************************
 

             1         2         3         4         5         6         7         8         9        10        11        12

 
         8.04E-03  1.46E-01  4.35E-01  4.55E-01  5.20E-01  7.44E-01  9.05E-01  1.04E+00  1.41E+00  1.70E+00  2.04E+00  2.61E+00
 
 Elapsed finaloutput time in seconds:     2.05
 #CPUT: Total CPU Time in Seconds,       49.627
Stop Time:
Wed Oct  9 16:48:17 CDT 2024
