Pathlist information for compiler and MPI systems are located in nmpathlist.txt

Starting NMTRAN
  
 WARNINGS AND ERRORS (IF ANY) FOR PROBLEM    1
             
 (WARNING  2) NM-TRAN INFERS THAT THE DATA ARE POPULATION.
 
 LIM VALUES MAXLIM ASSESSED BY NMTRAN: 1,2,3,4,5,6,7,8,10,11,13,15,16        
Recompiling certain components
 Minimum value for a list item exceeded:      1
 
 USING PARALLEL PROFILE 106.pnm
 MPI TRANSFER TYPE SELECTED
Building NONMEM Executable
 Minimum value for a list item exceeded:      1
 Parallelization Warnings are in FPWARN
Starting MPI version of nonmem execution ...
Manager Location acn06//panfs/jay/groups/35/cheng423/cheng423/learning/project-abc/model/106
 Minimum value for a list item exceeded:      1
 Parallelization Warnings are in FPWARN
License Registered to: Minnesota Supercomputing Institute
Expiration Date:    15 JUN 2024
Current Date:       31 MAY 2024
  **** WARNING!!! Days until program expires :  14 ****
  **** CONTACT idssoftware@iconplc.com FOR RENEWAL ****
 Minimum value for a list item exceeded:      1
 Parallelization Warnings are in FPWARN
 
 
 First Order Conditional Estimation with Interaction
 MONITORING OF SEARCH:

 
0ITERATION NO.:    0    OBJECTIVE VALUE:   32098.9054683118        NO. OF FUNC. EVALS.:  11
 CUMULATIVE NO. OF FUNC. EVALS.:       11
 NPARAMETR:  5.0000E-01  3.5000E+00  1.0000E+00  4.0000E+00  2.0000E+00  1.0000E+00  1.0000E+00  5.0000E-01  2.0000E-01  1.0000E-02
             1.0000E-02  2.0000E-01  1.0000E-02  2.0000E-01  5.0000E-02
 PARAMETER:  1.0000E-01  1.0000E-01  1.0000E-01  1.0000E-01  1.0000E-01  1.0000E-01  1.0000E-01  1.0000E-01  1.0000E-01  1.0000E-01
             1.0000E-01  1.0000E-01  1.0000E-01  1.0000E-01  1.0000E-01
 GRADIENT:   1.5952E+03 -2.7018E+04 -3.1302E+03 -5.5142E+04  1.6629E+04  1.6704E+03  1.5368E+03  2.2411E+02 -7.7306E+01  2.0755E+01
             1.5694E-01 -2.8722E+02 -1.4261E+02 -1.2770E+02  3.1640E+02
 
0ITERATION NO.:    1    OBJECTIVE VALUE:   31862.0981220858        NO. OF FUNC. EVALS.:  15
 CUMULATIVE NO. OF FUNC. EVALS.:       26
 NPARAMETR:  4.9852E-01  3.6754E+00  1.0058E+00  4.4091E+00  1.9383E+00  9.9690E-01  9.9715E-01  4.9979E-01  2.0001E-01  9.9998E-03
             1.0000E-02  2.0002E-01  1.0003E-02  2.0001E-01  4.9994E-02
 PARAMETER:  9.9704E-02  1.0501E-01  1.0058E-01  1.1023E-01  9.6916E-02  9.9690E-02  9.9715E-02  9.9958E-02  1.0001E-01  9.9996E-02
             1.0000E-01  1.0005E-01  1.0003E-01  1.0002E-01  9.9941E-02
 GRADIENT:   2.9717E+03 -1.2127E+04 -3.9483E+03  5.5080E+04  2.2211E+04  1.5289E+03  1.5301E+03  2.3815E+02 -2.5971E+02  2.5283E+00
             3.2961E+01  3.4799E+01 -9.9495E+01 -1.5449E+02  2.1697E+02
 
0ITERATION NO.:    2    OBJECTIVE VALUE:   31754.1002925883        NO. OF FUNC. EVALS.:  16
 CUMULATIVE NO. OF FUNC. EVALS.:       42
 NPARAMETR:  4.9796E-01  3.6913E+00  1.0073E+00  4.3264E+00  1.9216E+00  9.9633E-01  9.9658E-01  4.9975E-01  2.0001E-01  9.9998E-03
             1.0000E-02  2.0002E-01  1.0003E-02  2.0001E-01  4.9993E-02
 PARAMETER:  9.9593E-02  1.0547E-01  1.0073E-01  1.0816E-01  9.6082E-02  9.9633E-02  9.9658E-02  9.9949E-02  1.0002E-01  9.9996E-02
             9.9999E-02  1.0005E-01  1.0003E-01  1.0003E-01  9.9933E-02
 GRADIENT:   2.6056E+03 -1.2582E+04 -3.8557E+03  2.7928E+04  1.9546E+04  1.5561E+03  1.5352E+03  2.3920E+02 -1.9850E+02  1.4838E+00
             2.4701E+01  3.2546E+01 -1.0031E+02 -1.4955E+02  4.4689E+02
 
0ITERATION NO.:    3    OBJECTIVE VALUE:   31456.3010470212        NO. OF FUNC. EVALS.:  13
 CUMULATIVE NO. OF FUNC. EVALS.:       55
 NPARAMETR:  4.8841E-01  4.0871E+00  1.0398E+00  4.3766E+00  1.6334E+00  9.8261E-01  9.8325E-01  4.9871E-01  2.0006E-01  1.0001E-02
             9.9999E-03  2.0001E-01  1.0011E-02  2.0006E-01  4.9933E-02
 PARAMETER:  9.7681E-02  1.1678E-01  1.0398E-01  1.0942E-01  8.1670E-02  9.8261E-02  9.8325E-02  9.9742E-02  1.0014E-01  9.9996E-02
             9.9985E-02  1.0003E-01  1.0012E-01  1.0015E-01  9.9331E-02
 GRADIENT:   1.3359E+03  4.5069E+03 -3.4237E+03  3.2507E+04  1.4042E+04  1.4395E+03  1.4758E+03  2.0483E+02 -5.5712E+01 -4.3794E+01
            -5.9562E+00  1.6967E+02 -3.3744E+01 -1.2449E+02  6.5973E+02
 
0ITERATION NO.:    4    OBJECTIVE VALUE:   31383.6990131774        NO. OF FUNC. EVALS.:  14
 CUMULATIVE NO. OF FUNC. EVALS.:       69
 NPARAMETR:  4.8275E-01  3.9117E+00  1.0821E+00  4.4347E+00  1.3584E+00  9.6377E-01  9.6429E-01  4.9739E-01  2.0005E-01  1.0006E-02
             1.0002E-02  1.9993E-01  1.0014E-02  2.0012E-01  4.9813E-02
 PARAMETER:  9.6550E-02  1.1176E-01  1.0821E-01  1.1087E-01  6.7920E-02  9.6377E-02  9.6429E-02  9.9478E-02  1.0011E-01  1.0005E-01
             1.0001E-01  9.9813E-02  1.0016E-01  1.0031E-01  9.8124E-02
 GRADIENT:   7.8450E+02 -7.9357E+03 -2.2392E+03  3.2044E+04  2.9448E+03  1.3111E+03  1.3648E+03  1.3148E+02 -1.0177E+01 -1.6103E+01
            -2.2001E+01  1.3299E+02 -6.3346E+01 -7.2797E+01  7.9693E+02
 
0ITERATION NO.:    5    OBJECTIVE VALUE:   31333.6562562428        NO. OF FUNC. EVALS.:  13
 CUMULATIVE NO. OF FUNC. EVALS.:       82
 NPARAMETR:  4.8437E-01  3.9275E+00  1.4539E+00  4.4168E+00  1.4333E+00  7.3895E-01  7.3211E-01  4.8600E-01  1.9931E-01  1.0054E-02
             1.0051E-02  1.9868E-01  1.0047E-02  2.0059E-01  4.7938E-02
 PARAMETER:  9.6874E-02  1.1221E-01  1.4539E-01  1.1042E-01  7.1664E-02  7.3895E-02  7.3211E-02  9.7201E-02  9.8280E-02  1.0071E-01
             1.0069E-01  9.6660E-02  1.0075E-01  1.0145E-01  7.8944E-02
 GRADIENT:   9.4791E+02 -7.0301E+03  4.1442E+03  3.6156E+04  4.8808E+03  4.7693E+02  6.6720E+02 -1.5408E+02 -2.7353E+01 -1.5809E+01
            -5.4832E+01  1.4150E+02 -1.5232E+01 -7.1927E+00  5.7402E+02
 
0ITERATION NO.:    6    OBJECTIVE VALUE:   31287.7827035086        NO. OF FUNC. EVALS.:  12
 CUMULATIVE NO. OF FUNC. EVALS.:       94
 NPARAMETR:  4.8348E-01  3.9483E+00  1.1770E+00  4.3811E+00  1.3817E+00 -2.6469E-01 -3.6606E-01  4.7429E-01  1.9511E-01  1.0323E-02
             1.0473E-02  1.9140E-01  1.0076E-02  2.0229E-01  3.8766E-02
 PARAMETER:  9.6695E-02  1.1281E-01  1.1770E-01  1.0953E-01  6.9086E-02 -2.6469E-02 -3.6606E-02  9.4859E-02  8.7614E-02  1.0451E-01
             1.0604E-01  7.7859E-02  1.0247E-01  1.0550E-01 -2.7238E-02
 GRADIENT:   8.9064E+02 -5.4302E+03  1.8095E+03  3.6987E+04  3.8564E+03 -2.1289E+03 -3.3711E+02 -1.0106E+01 -3.7543E+01 -1.9944E+01
            -4.9311E+01  1.4817E+02 -3.2582E+01 -4.1402E+01 -3.6468E+02
 
0ITERATION NO.:    7    OBJECTIVE VALUE:   31260.8688025938        NO. OF FUNC. EVALS.:  12
 CUMULATIVE NO. OF FUNC. EVALS.:      106
 NPARAMETR:  4.6362E-01  3.9594E+00  1.1642E+00  4.3721E+00  1.3674E+00  3.7320E-02 -7.3258E-01  4.5384E-01  1.9245E-01  1.0524E-02
             1.0792E-02  1.8631E-01  1.0135E-02  2.0381E-01  3.5724E-02
 PARAMETER:  9.2724E-02  1.1312E-01  1.1642E-01  1.0930E-01  6.8371E-02  3.7320E-03 -7.3258E-02  9.0767E-02  8.0766E-02  1.0728E-01
             1.1002E-01  6.4255E-02  1.0413E-01  1.0912E-01 -6.8096E-02
 GRADIENT:   7.9165E+02 -4.6890E+03  1.9664E+03  3.7946E+04  3.3286E+03 -1.2365E+03 -7.8495E+02 -7.5860E+01 -3.7019E+01 -2.2996E+01
            -4.6486E+01  1.4975E+02 -3.2090E+01  2.3118E+01 -8.0279E+02
 
0ITERATION NO.:    8    OBJECTIVE VALUE:   31250.7275480646        NO. OF FUNC. EVALS.:  12
 CUMULATIVE NO. OF FUNC. EVALS.:      118
 NPARAMETR:  1.9211E-01  3.9507E+00  1.1890E+00  4.3699E+00  1.4219E+00 -6.5785E-03 -3.3936E-01  3.8680E-01  1.6094E-01  1.3331E-02
             1.4678E-02  1.2742E-01  1.1247E-02  2.0416E-01  3.3061E-02
 PARAMETER:  3.8423E-02  1.1288E-01  1.1890E-01  1.0925E-01  7.1096E-02 -6.5785E-04 -3.3936E-02  7.7361E-02 -8.6483E-03  1.4861E-01
             1.6362E-01 -1.2851E-01  1.3269E-01  1.0742E-01 -1.0684E-01
 GRADIENT:  -2.1581E+02 -4.3162E+03  2.2448E+03  4.0075E+04  2.8263E+03 -1.3702E+03 -3.4886E+02 -7.9218E+01 -2.0521E+01 -5.0018E+01
            -3.4996E+01  9.6198E+01 -3.7888E+01  6.0086E+01 -1.2955E+03
 
0ITERATION NO.:    9    OBJECTIVE VALUE:   31204.5724927397        NO. OF FUNC. EVALS.:  13
 CUMULATIVE NO. OF FUNC. EVALS.:      131
 NPARAMETR:  2.7297E-01  4.0488E+00  1.1932E+00  4.3632E+00  1.3485E+00 -1.2578E-02 -2.6464E-01  3.0649E-01  1.3077E-01  1.6037E-02
             1.8120E-02  8.3846E-02  1.2347E-02  2.0386E-01  3.2884E-02
 PARAMETER:  5.4593E-02  1.1568E-01  1.1932E-01  1.0908E-01  6.7426E-02 -1.2578E-03 -2.6464E-02  6.1297E-02 -1.1243E-01  1.9832E-01
             2.2409E-01 -3.4528E-01  1.6636E-01  1.0263E-01 -1.0951E-01
 GRADIENT:  -1.6784E+02  4.6128E+02  2.3283E+03  3.8323E+04  1.3800E+03 -1.3910E+03 -2.8030E+02 -1.1531E+02 -3.6861E+01 -4.6564E+01
            -3.3225E+01  3.7523E+01 -4.4602E+01  6.5375E+01 -1.3246E+03
 
0ITERATION NO.:   10    OBJECTIVE VALUE:   31196.8226195984        NO. OF FUNC. EVALS.:  13
 CUMULATIVE NO. OF FUNC. EVALS.:      144
 NPARAMETR:  2.0074E-01  4.0453E+00  1.1799E+00  4.3694E+00  1.3719E+00 -9.3903E-03 -4.3263E-01  2.8944E-01  1.2203E-01  1.6917E-02
             1.9236E-02  7.3066E-02  1.2972E-02  2.0364E-01  3.4175E-02
 PARAMETER:  4.0148E-02  1.1558E-01  1.1799E-01  1.0924E-01  6.8594E-02 -9.3903E-04 -4.3263E-02  5.7887E-02 -1.4702E-01  2.1657E-01
             2.4626E-01 -4.1853E-01  1.8219E-01  1.0014E-01 -9.0260E-02
 GRADIENT:  -5.4904E+02  1.8161E+03  2.3163E+03  3.7999E+04  1.5559E+03 -1.3700E+03 -4.8274E+02 -1.3350E+02 -3.6446E+01 -4.9190E+01
            -2.8906E+01  3.2413E+00 -4.6253E+01  5.7154E+01 -1.1143E+03
 
0ITERATION NO.:   11    OBJECTIVE VALUE:   31185.4549858431        NO. OF FUNC. EVALS.:  12
 CUMULATIVE NO. OF FUNC. EVALS.:      156
 NPARAMETR:  1.9933E-01  4.0477E+00  1.2094E+00  4.3687E+00  1.3597E+00  1.8781E-02 -4.6104E-01  6.8301E-01  1.1615E-01  2.0639E-02
             2.3743E-02  7.0041E-02  2.1870E-02  2.0856E-01  3.4095E-02
 PARAMETER:  3.9866E-02  1.1565E-01  1.2094E-01  1.0922E-01  6.7983E-02  1.8781E-03 -4.6104E-02  1.3660E-01 -1.7171E-01  2.7083E-01
             3.1155E-01 -4.5026E-01  3.2212E-01  9.9919E-02 -9.1431E-02
 GRADIENT:  -6.1798E+02  1.6078E+03  2.2608E+03  3.7206E+04  9.3069E+02 -1.3527E+03 -4.6365E+02  4.9680E+01 -4.3244E+01 -4.0858E+01
            -2.0457E+01 -6.2760E+00 -3.4867E+01  7.8000E+01 -1.1255E+03
 
0ITERATION NO.:   12    OBJECTIVE VALUE:   31168.4124079302        NO. OF FUNC. EVALS.:  12
 CUMULATIVE NO. OF FUNC. EVALS.:      168
 NPARAMETR:  1.9158E-01  4.0240E+00  1.1668E+00  4.3630E+00  1.3462E+00  7.3604E-03 -4.2214E-01  4.1880E-01  1.0810E-01  3.2343E-02
             3.8097E-02  7.1448E-02  5.3968E-02  2.2892E-01  3.3796E-02
 PARAMETER:  3.8317E-02  1.1497E-01  1.1668E-01  1.0907E-01  6.7309E-02  7.3604E-04 -4.2214E-02  8.3761E-02 -2.0762E-01  4.3992E-01
             5.1818E-01 -4.8618E-01  8.0530E-01  6.6523E-02 -9.5846E-02
 GRADIENT:  -5.8055E+02 -3.3229E+03  2.3030E+03  3.5317E+04 -7.0350E+02 -1.3762E+03 -4.7544E+02 -6.6192E+01 -6.2424E+01 -1.2462E+01
            -1.1588E+01 -3.1182E+01  7.6191E+00  9.7130E+01 -1.1587E+03
 
0ITERATION NO.:   13    OBJECTIVE VALUE:   31163.4073493126        NO. OF FUNC. EVALS.:  12
 CUMULATIVE NO. OF FUNC. EVALS.:      180
 NPARAMETR:  2.0009E-01  4.0234E+00  1.1891E+00  4.3645E+00  1.3366E+00  5.1523E-02 -4.4270E-01  4.5837E-01  1.2296E-01  3.6087E-02
             4.8701E-02  6.9695E-02  5.7880E-02  1.9277E-01  3.3219E-02
 PARAMETER:  4.0017E-02  1.1495E-01  1.1891E-01  1.0911E-01  6.6828E-02  5.1523E-03 -4.4270E-02  9.1675E-02 -1.4324E-01  4.6025E-01
             6.2112E-01 -5.0826E-01  8.4294E-01 -7.1207E-02 -1.0445E-01
 GRADIENT:  -5.5355E+02 -6.0935E+03  3.2242E+03  3.6375E+04 -1.6147E+03 -1.6175E+03 -6.8893E+02 -8.7992E+01 -5.5375E+01 -1.3363E+01
            -8.8991E+00 -4.9044E+01  1.5395E+01  4.9476E+01 -1.2563E+03
 
0ITERATION NO.:   14    OBJECTIVE VALUE:   31162.2978750381        NO. OF FUNC. EVALS.:  12
 CUMULATIVE NO. OF FUNC. EVALS.:      192
 NPARAMETR:  2.7905E-01  4.0514E+00  1.2164E+00  4.3742E+00  1.3665E+00  2.1922E-02 -4.1437E-01  3.3034E-01  2.9040E-01  9.4740E-02
             1.8262E-01  8.9381E-02  9.4517E-02  2.9974E-01  3.3839E-02
 PARAMETER:  5.5809E-02  1.1576E-01  1.2164E-01  1.0935E-01  6.8323E-02  2.1922E-03 -4.1437E-02  6.6069E-02  2.8648E-01  7.8622E-01
             1.5156E+00 -5.1362E-01  6.7932E-01  3.2139E-03 -9.5204E-02
 GRADIENT:  -4.5512E+02 -1.2912E+03  3.0696E+03  3.8200E+04  5.3000E+02 -1.2488E+03 -5.1709E+02 -9.9994E+01  2.2050E+01 -2.2733E+01
             3.0941E+01 -2.9245E+01  5.0832E+00  8.6262E+01 -1.1206E+03
 
0ITERATION NO.:   15    OBJECTIVE VALUE:   31156.1677010438        NO. OF FUNC. EVALS.:  13
 CUMULATIVE NO. OF FUNC. EVALS.:      205
 NPARAMETR:  2.5971E-01  4.0608E+00  1.2271E+00  4.3681E+00  1.3589E+00  3.8273E-02 -3.9998E-01  3.1154E-01  2.5517E-01  9.6905E-02
             1.8319E-01  1.0295E-01  1.0441E-01  3.0171E-01  3.3799E-02
 PARAMETER:  5.1942E-02  1.1602E-01  1.2271E-01  1.0920E-01  6.7943E-02  3.8273E-03 -3.9998E-02  6.2308E-02  2.2181E-01  8.5792E-01
             1.6218E+00 -4.5196E-01  6.3695E-01 -3.5352E-02 -9.5795E-02
 GRADIENT:  -6.7125E+02  2.5551E+02  3.3361E+03  3.6756E+04 -3.5032E+02 -1.2560E+03 -5.4132E+02 -1.1779E+02  2.8729E+00 -1.0508E+01
             3.5961E+01  6.0938E+00 -2.7262E+00  7.5006E+01 -1.1276E+03
 
0ITERATION NO.:   16    OBJECTIVE VALUE:   30989.8622257077        NO. OF FUNC. EVALS.:  14
 CUMULATIVE NO. OF FUNC. EVALS.:      219
 NPARAMETR:  3.7072E-01  4.0838E+00  1.1762E+00  4.2744E+00  1.2967E+00  5.6894E-01 -2.2657E-01  4.0678E-01  1.2763E-01  2.5036E-02
             1.0862E-01  7.3263E-02  8.3949E-02  2.0869E-01  3.6425E-02
 PARAMETER:  7.4144E-02  1.1668E-01  1.1762E-01  1.0686E-01  6.4837E-02  5.6894E-02 -2.2657E-02  8.1355E-02 -1.2460E-01  3.1340E-01
             1.3597E+00 -4.3557E-01  1.1265E+00 -5.0934E-01 -5.8377E-02
 GRADIENT:  -9.6558E+00 -3.3084E+03  1.9977E+03  1.3503E+04 -9.7480E+01  4.3669E+02 -4.2175E+02 -6.3617E+01 -4.0556E+01 -5.9112E+01
             7.2478E+01 -4.0316E+01  4.6760E+01  5.3564E+01 -5.9553E+02
 
0ITERATION NO.:   17    OBJECTIVE VALUE:   30970.1199295194        NO. OF FUNC. EVALS.:  13
 CUMULATIVE NO. OF FUNC. EVALS.:      232
 NPARAMETR:  3.6742E-01  4.0933E+00  1.1690E+00  4.2681E+00  1.3102E+00  6.4316E-01 -1.9271E-01  4.3879E-01  1.4017E-01  4.2130E-02
             9.8519E-02  7.7548E-02  9.2372E-02  1.7975E-01  3.6305E-02
 PARAMETER:  7.3484E-02  1.1695E-01  1.1690E-01  1.0670E-01  6.5511E-02  6.4316E-02 -1.9271E-02  8.7759E-02 -7.7729E-02  5.0324E-01
             1.1768E+00 -4.6160E-01  1.1584E+00 -5.9273E-01 -6.0038E-02
 GRADIENT:   4.9142E+01  3.0436E+02  1.3598E+03  1.2622E+04  7.6186E+02  1.0013E+03 -4.4404E+02 -4.4042E+01 -4.4118E+01 -8.8410E+00
             3.7316E+01 -7.5698E+01  7.0241E+01  1.9765E+01 -5.9498E+02
 
0ITERATION NO.:   18    OBJECTIVE VALUE:   30926.2570650496        NO. OF FUNC. EVALS.:  13
 CUMULATIVE NO. OF FUNC. EVALS.:      245
 NPARAMETR:  3.8990E-01  4.0716E+00  1.1409E+00  4.2407E+00  1.3154E+00  5.5977E-01 -1.0586E-01  4.3010E-01  1.4693E-01  4.8207E-02
             7.2439E-02  8.9542E-02  7.5734E-02  1.2057E-01  3.8489E-02
 PARAMETER:  7.7981E-02  1.1633E-01  1.1409E-01  1.0602E-01  6.5768E-02  5.5977E-02 -1.0586E-02  8.6020E-02 -5.4164E-02  5.6243E-01
             8.4513E-01 -3.9773E-01  8.9986E-01 -6.0882E-01 -3.0832E-02
 GRADIENT:   2.7505E+02 -1.2307E+03  5.1161E+02  6.6272E+03  6.7644E+02  5.8537E+02 -2.1018E+02 -2.9071E+01 -4.4774E+01  2.2478E+01
            -2.1390E+01  8.0294E+00  2.5478E+01  1.0331E+01 -1.9698E+02
 
0ITERATION NO.:   19    OBJECTIVE VALUE:   30917.3362617914        NO. OF FUNC. EVALS.:  12
 CUMULATIVE NO. OF FUNC. EVALS.:      257
 NPARAMETR:  3.9995E-01  4.0871E+00  1.1096E+00  4.2157E+00  1.3187E+00  4.2015E-01  1.7791E-02  3.6855E-01  1.9644E-01  6.5352E-02
             1.0375E-01  8.9085E-02  7.5437E-02  1.2248E-01  3.9551E-02
 PARAMETER:  7.9990E-02  1.1678E-01  1.1096E-01  1.0539E-01  6.5935E-02  4.2015E-02  1.7791E-03  7.3710E-02  9.1008E-02  6.5942E-01
             1.0469E+00 -4.4300E-01  7.4138E-01 -6.6832E-01 -1.7216E-02
 GRADIENT:   2.2910E+02  4.7075E+03 -1.4055E+03  2.0090E+03  1.8945E+03 -4.1261E+02  3.9283E+02  6.3916E+01 -2.0324E+01  1.3654E+01
            -7.5741E+00  8.7701E+00  1.2352E+01  1.0603E+01 -3.5641E+01
 
0ITERATION NO.:   20    OBJECTIVE VALUE:   30911.3420689456        NO. OF FUNC. EVALS.:  12
 CUMULATIVE NO. OF FUNC. EVALS.:      269
 NPARAMETR:  3.9178E-01  4.0765E+00  1.1197E+00  4.2139E+00  1.3171E+00  4.5529E-01 -1.5341E-02  3.7880E-01  2.1551E-01  6.8294E-02
             1.1193E-01  8.8063E-02  7.0793E-02  1.1779E-01  3.9864E-02
 PARAMETER:  7.8355E-02  1.1647E-01  1.1197E-01  1.0535E-01  6.5855E-02  4.5529E-02 -1.5341E-03  7.5760E-02  1.3735E-01  6.5791E-01
             1.0783E+00 -4.4990E-01  6.4439E-01 -6.9155E-01 -1.3269E-02
 GRADIENT:   1.4807E+02  1.3952E+03 -5.2254E+02  8.0028E+02  1.1793E+03 -1.1815E+02  2.1703E+02  2.4352E+01 -6.6631E+00 -3.6876E-01
            -1.7687E+00  1.6150E+01 -4.4555E+00  1.8590E+01  1.6625E+01
 
0ITERATION NO.:   21    OBJECTIVE VALUE:   30909.7616129355        NO. OF FUNC. EVALS.:  12
 CUMULATIVE NO. OF FUNC. EVALS.:      281
 NPARAMETR:  3.8311E-01  4.0745E+00  1.1179E+00  4.2144E+00  1.3082E+00  4.7184E-01 -6.1363E-02  3.8334E-01  2.2553E-01  6.9938E-02
             1.1662E-01  8.6628E-02  7.0579E-02  1.1653E-01  3.9899E-02
 PARAMETER:  7.6622E-02  1.1641E-01  1.1179E-01  1.0536E-01  6.5411E-02  4.7184E-02 -6.1363E-03  7.6669E-02  1.6007E-01  6.5860E-01
             1.0982E+00 -4.6118E-01  6.3497E-01 -7.2808E-01 -1.2841E-02
 GRADIENT:   6.6137E+01  8.5864E+02 -2.7634E+02  8.1699E+02  6.2762E+02  2.5842E+01  3.0835E+01  5.7383E+00  9.3779E-02 -1.7554E+00
            -2.7114E+00  1.0972E+01 -5.0144E+00  1.3498E+01  2.2062E+01
 
0ITERATION NO.:   22    OBJECTIVE VALUE:   30908.5675549641        NO. OF FUNC. EVALS.:  12
 CUMULATIVE NO. OF FUNC. EVALS.:      293
 NPARAMETR:  3.7305E-01  4.0702E+00  1.1258E+00  4.2123E+00  1.3009E+00  4.8474E-01 -3.7900E-02  3.9194E-01  2.3107E-01  7.1789E-02
             1.2170E-01  8.5641E-02  7.2078E-02  1.1700E-01  3.9831E-02
 PARAMETER:  7.4610E-02  1.1629E-01  1.1258E-01  1.0531E-01  6.5046E-02  4.8474E-02 -3.7900E-03  7.8389E-02  1.7221E-01  6.6788E-01
             1.1322E+00 -4.7366E-01  6.4021E-01 -7.7833E-01 -1.3687E-02
 GRADIENT:  -2.2500E+01 -6.0324E+02  3.1152E+02  2.7176E+01 -6.3031E+00  1.1831E+02  7.8666E+01 -5.9237E+00  4.2318E+00 -2.3740E+00
            -5.1342E-01  1.5515E+00 -1.3708E+00  7.8710E+00  1.2216E+01
 
0ITERATION NO.:   23    OBJECTIVE VALUE:   30908.5675549641        NO. OF FUNC. EVALS.:  30
 CUMULATIVE NO. OF FUNC. EVALS.:      323
 NPARAMETR:  3.7305E-01  4.0702E+00  1.1258E+00  4.2123E+00  1.3009E+00  4.8474E-01 -3.7900E-02  3.9194E-01  2.3107E-01  7.1789E-02
             1.2170E-01  8.5641E-02  7.2078E-02  1.1700E-01  3.9831E-02
 PARAMETER:  7.4610E-02  1.1629E-01  1.1258E-01  1.0531E-01  6.5046E-02  4.8474E-02 -3.7900E-03  7.8389E-02  1.7221E-01  6.6788E-01
             1.1322E+00 -4.7366E-01  6.4021E-01 -7.7833E-01 -1.3687E-02
 GRADIENT:  -2.7137E+01 -3.3576E+03 -5.3781E+02 -6.5040E+02 -7.7593E+01  2.4551E+01  2.0484E+01 -1.5102E+01  4.2318E+00 -2.3740E+00
            -5.1342E-01  1.5515E+00 -1.3708E+00  7.8710E+00  1.1589E+01
 
0ITERATION NO.:   24    OBJECTIVE VALUE:   30905.6116883553        NO. OF FUNC. EVALS.:  29
 CUMULATIVE NO. OF FUNC. EVALS.:      352
 NPARAMETR:  4.0195E-01  4.0998E+00  1.1546E+00  4.2124E+00  1.2899E+00  4.8710E-01 -4.0054E-02  4.4924E-01  2.2334E-01  7.0969E-02
             1.2150E-01  8.4192E-02  7.1104E-02  1.1740E-01  3.9858E-02
 PARAMETER:  8.0389E-02  1.1714E-01  1.1546E-01  1.0531E-01  6.4495E-02  4.8710E-02 -4.0054E-03  8.9848E-02  1.5520E-01  6.7158E-01
             1.1498E+00 -4.8724E-01  6.1539E-01 -7.8113E-01 -1.3352E-02
 GRADIENT:  -7.0408E+01 -8.3417E+02 -2.5332E+02  4.2196E+00 -1.3440E+02 -1.4148E+00  1.4288E+01  5.3515E+01  1.8429E+00 -1.2049E+00
             3.6545E+00  5.7540E-01 -2.6971E+00  8.5142E+00  1.9104E+00
 
0ITERATION NO.:   25    OBJECTIVE VALUE:   30904.9981601199        NO. OF FUNC. EVALS.:  28
 CUMULATIVE NO. OF FUNC. EVALS.:      380
 NPARAMETR:  4.3222E-01  4.1240E+00  1.1724E+00  4.2103E+00  1.2811E+00  4.9106E-01 -2.5988E-02  3.8663E-01  2.1576E-01  6.7851E-02
             1.1879E-01  8.1945E-02  6.9444E-02  1.1547E-01  3.9859E-02
 PARAMETER:  8.6445E-02  1.1783E-01  1.1724E-01  1.0526E-01  6.4053E-02  4.9106E-02 -2.5988E-03  7.7327E-02  1.3793E-01  6.5326E-01
             1.1437E+00 -4.9569E-01  6.1278E-01 -7.9734E-01 -1.3341E-02
 GRADIENT:  -7.7033E+01  8.0562E+02  9.1559E+01  2.5163E+02 -2.2892E+02  5.9191E+01  2.1240E+01 -5.6377E+01  1.3032E-01 -4.4422E-01
             1.0933E+00 -2.7772E+00 -3.1231E+00  5.9266E+00 -6.8834E+00
 
0ITERATION NO.:   26    OBJECTIVE VALUE:   30904.5963389516        NO. OF FUNC. EVALS.:  28
 CUMULATIVE NO. OF FUNC. EVALS.:      408
 NPARAMETR:  4.3455E-01  4.1209E+00  1.1729E+00  4.2089E+00  1.2830E+00  4.9065E-01 -3.2858E-02  4.1686E-01  2.1663E-01  6.7206E-02
             1.1806E-01  8.2170E-02  6.9644E-02  1.1462E-01  3.9877E-02
 PARAMETER:  8.6911E-02  1.1774E-01  1.1729E-01  1.0522E-01  6.4152E-02  4.9065E-02 -3.2858E-03  8.3373E-02  1.3994E-01  6.4575E-01
             1.1344E+00 -4.8986E-01  6.2688E-01 -8.0623E-01 -1.3106E-02
 GRADIENT:  -4.5018E+01  3.4127E+02  4.9859E+01 -1.1946E+02 -1.1670E+02  3.9006E+01  8.5774E+00 -1.0274E+01 -1.5459E-01  2.9516E-01
            -1.6259E-01 -1.5879E+00 -1.0993E+00  4.1694E+00 -2.9925E+00
 
0ITERATION NO.:   27    OBJECTIVE VALUE:   30904.4783500929        NO. OF FUNC. EVALS.:  28
 CUMULATIVE NO. OF FUNC. EVALS.:      436
 NPARAMETR:  4.4009E-01  4.1188E+00  1.1718E+00  4.2085E+00  1.2828E+00  4.8886E-01 -3.7630E-02  4.2463E-01  2.2054E-01  6.7524E-02
             1.2038E-01  8.2717E-02  7.0542E-02  1.1537E-01  3.9922E-02
 PARAMETER:  8.8018E-02  1.1768E-01  1.1718E-01  1.0521E-01  6.4141E-02  4.8886E-02 -3.7630E-03  8.4926E-02  1.4889E-01  6.4302E-01
             1.1464E+00 -4.8399E-01  6.3582E-01 -8.2380E-01 -1.2552E-02
 GRADIENT:  -1.2206E+01 -5.5169E+01  1.2971E+01 -2.0937E+02 -8.1724E+01  2.6089E+01 -2.0596E+00  4.6895E+00  5.0412E-01  8.6612E-02
             7.6342E-01  9.9937E-02  4.0273E-01  3.0940E+00  2.8645E+00
 
0ITERATION NO.:   28    OBJECTIVE VALUE:   30904.4423097007        NO. OF FUNC. EVALS.:  28
 CUMULATIVE NO. OF FUNC. EVALS.:      464
 NPARAMETR:  4.4364E-01  4.1191E+00  1.1722E+00  4.2082E+00  1.2831E+00  4.8682E-01 -3.6794E-02  4.2530E-01  2.2176E-01  6.6848E-02
             1.2040E-01  8.2294E-02  6.9917E-02  1.1392E-01  3.9913E-02
 PARAMETER:  8.8727E-02  1.1769E-01  1.1722E-01  1.0521E-01  6.4155E-02  4.8682E-02 -3.6794E-03  8.5060E-02  1.5164E-01  6.3484E-01
             1.1434E+00 -4.8318E-01  6.3416E-01 -8.4024E-01 -1.2661E-02
 GRADIENT:  -2.6565E+00 -5.3605E+01  3.0428E+00 -2.2247E+02 -4.3393E+01  1.1540E+01  4.3313E+00  7.3655E+00  1.4844E+00 -1.5403E-01
            -1.1610E+00  6.4659E-01 -3.1340E-01  8.0189E-01  6.5688E-01
 
0ITERATION NO.:   29    OBJECTIVE VALUE:   30904.4223318747        NO. OF FUNC. EVALS.:  28
 CUMULATIVE NO. OF FUNC. EVALS.:      492
 NPARAMETR:  4.4520E-01  4.1192E+00  1.1725E+00  4.2084E+00  1.2839E+00  4.8416E-01 -3.9056E-02  4.2048E-01  2.2146E-01  6.6877E-02
             1.2140E-01  8.2367E-02  7.0376E-02  1.1460E-01  3.9930E-02
 PARAMETER:  8.9039E-02  1.1769E-01  1.1725E-01  1.0521E-01  6.4197E-02  4.8416E-02 -3.9056E-03  8.4096E-02  1.5097E-01  6.3554E-01
             1.1536E+00 -4.8296E-01  6.3576E-01 -8.5007E-01 -1.2448E-02
 GRADIENT:   3.8792E+00 -1.2072E+02  2.7301E+01 -1.9927E+02 -1.0638E+01 -8.3355E+00 -6.9573E+00  5.5631E-01  9.2456E-01 -2.8771E-01
            -6.0381E-02  1.7477E-01  5.5895E-01  7.0575E-01  1.4330E+00
 
0ITERATION NO.:   30    OBJECTIVE VALUE:   30904.4138277366        NO. OF FUNC. EVALS.:  28
 CUMULATIVE NO. OF FUNC. EVALS.:      520
 NPARAMETR:  4.4533E-01  4.1194E+00  1.1720E+00  4.2090E+00  1.2837E+00  4.8516E-01 -3.7729E-02  4.1844E-01  2.2052E-01  6.6702E-02
             1.2168E-01  8.2334E-02  7.0409E-02  1.1467E-01  3.9932E-02
 PARAMETER:  8.9067E-02  1.1770E-01  1.1720E-01  1.0522E-01  6.4185E-02  4.8516E-02 -3.7729E-03  8.3688E-02  1.4883E-01  6.3523E-01
             1.1588E+00 -4.8306E-01  6.3373E-01 -8.5684E-01 -1.2418E-02
 GRADIENT:   6.3088E+00 -2.2797E+01 -5.8177E+00 -5.3973E+01 -3.3740E+00  4.7182E+00  5.8112E-01 -7.4925E-01  5.4901E-01 -4.6835E-01
             3.2949E-01  2.9099E-01  3.8247E-01  4.2279E-01  3.7802E-01
 
0ITERATION NO.:   31    OBJECTIVE VALUE:   30904.4091594540        NO. OF FUNC. EVALS.:  28
 CUMULATIVE NO. OF FUNC. EVALS.:      548
 NPARAMETR:  4.4363E-01  4.1192E+00  1.1720E+00  4.2094E+00  1.2843E+00  4.8457E-01 -3.7657E-02  4.1775E-01  2.1947E-01  6.6881E-02
             1.2160E-01  8.2375E-02  7.0391E-02  1.1446E-01  3.9935E-02
 PARAMETER:  8.8727E-02  1.1769E-01  1.1720E-01  1.0523E-01  6.4217E-02  4.8457E-02 -3.7657E-03  8.3549E-02  1.4646E-01  6.3845E-01
             1.1608E+00 -4.8439E-01  6.2949E-01 -8.6035E-01 -1.2383E-02
 GRADIENT:  -6.7048E-02 -4.2435E+00  6.8829E+00  5.1805E+00 -7.6427E+00 -8.8561E-01 -3.3683E-01 -2.0748E+00  3.0261E-01 -5.8383E-02
            -2.6874E-02 -6.2679E-04  6.1459E-02 -1.0336E-02 -7.4568E-02
 
0ITERATION NO.:   32    OBJECTIVE VALUE:   30904.4086269423        NO. OF FUNC. EVALS.:  28
 CUMULATIVE NO. OF FUNC. EVALS.:      576
 NPARAMETR:  4.4312E-01  4.1191E+00  1.1720E+00  4.2094E+00  1.2846E+00  4.8478E-01 -3.7729E-02  4.1875E-01  2.1875E-01  6.6783E-02
             1.2140E-01  8.2358E-02  7.0349E-02  1.1440E-01  3.9936E-02
 PARAMETER:  8.8624E-02  1.1769E-01  1.1720E-01  1.0523E-01  6.4229E-02  4.8478E-02 -3.7729E-03  8.3750E-02  1.4480E-01  6.3857E-01
             1.1608E+00 -4.8458E-01  6.2866E-01 -8.6054E-01 -1.2371E-02
 GRADIENT:  -2.6592E-01  9.3699E+00  3.6084E-01  1.1883E+00  1.8209E+00  3.8891E-01  8.2925E-02 -2.6862E-01  1.9679E-02 -5.1135E-02
             2.0386E-02 -1.8079E-02 -1.1604E-02  4.3820E-03 -1.6534E-01
 
0ITERATION NO.:   33    OBJECTIVE VALUE:   30904.4086269423        NO. OF FUNC. EVALS.:  18
 CUMULATIVE NO. OF FUNC. EVALS.:      594
 NPARAMETR:  4.4312E-01  4.1191E+00  1.1720E+00  4.2094E+00  1.2846E+00  4.8478E-01 -3.7729E-02  4.1875E-01  2.1875E-01  6.6783E-02
             1.2140E-01  8.2358E-02  7.0349E-02  1.1440E-01  3.9936E-02
 PARAMETER:  8.8624E-02  1.1769E-01  1.1720E-01  1.0523E-01  6.4229E-02  4.8478E-02 -3.7729E-03  8.3750E-02  1.4480E-01  6.3857E-01
             1.1608E+00 -4.8458E-01  6.2866E-01 -8.6054E-01 -1.2371E-02
 GRADIENT:  -2.6592E-01  9.3699E+00  3.6084E-01  1.1883E+00  1.8209E+00  3.8891E-01  8.2925E-02 -2.6862E-01  1.9679E-02 -5.1135E-02
             2.0386E-02 -1.8079E-02 -1.1604E-02  4.3820E-03 -1.6534E-01
 Elapsed estimation  time in seconds:    24.65
 Minimum value for a list item exceeded:      1
 Parallelization Warnings are in FPWARN
 Elapsed covariance  time in seconds:     7.59
 Minimum value for a list item exceeded:      1
 Parallelization Warnings are in FPWARN
 Minimum value for a list item exceeded:      1
 Parallelization Warnings are in FPWARN
 Elapsed postprocess time in seconds:     1.04
 Elapsed finaloutput time in seconds:     0.29
Done with nonmem execution
