Starting NMTRAN
  
 WARNINGS AND ERRORS (IF ANY) FOR PROBLEM    1
             
 (WARNING  2) NM-TRAN INFERS THAT THE DATA ARE POPULATION.
Recompiling certain components
Building NONMEM Executable
Starting nonmem execution ...
License Registered to: Metrum Research Group (with RADAR5NM)
Expiration Date:    14 JUL 2023
Current Date:       31 JAN 2023
Days until program expires : 163


 First Order Conditional Estimation with Interaction
 MONITORING OF SEARCH:


0ITERATION NO.:    0    OBJECTIVE VALUE:   32098.9054683102        NO. OF FUNC. EVALS.:  11
 CUMULATIVE NO. OF FUNC. EVALS.:       11
 NPARAMETR:  5.0000E-01  3.5000E+00  1.0000E+00  4.0000E+00  2.0000E+00  1.0000E+00  1.0000E+00  5.0000E-01  2.0000E-01  1.0000E-02
             1.0000E-02  2.0000E-01  1.0000E-02  2.0000E-01  5.0000E-02
 PARAMETER:  1.0000E-01  1.0000E-01  1.0000E-01  1.0000E-01  1.0000E-01  1.0000E-01  1.0000E-01  1.0000E-01  1.0000E-01  1.0000E-01
             1.0000E-01  1.0000E-01  1.0000E-01  1.0000E-01  1.0000E-01
 GRADIENT:   1.5952E+03 -2.7018E+04 -3.1302E+03 -5.5142E+04  1.6629E+04  1.6704E+03  1.5368E+03  2.2411E+02 -7.7306E+01  2.0755E+01
             1.5694E-01 -2.8722E+02 -1.4261E+02 -1.2770E+02  3.1640E+02

0ITERATION NO.:    1    OBJECTIVE VALUE:   31862.0981221661        NO. OF FUNC. EVALS.:  15
 CUMULATIVE NO. OF FUNC. EVALS.:       26
 NPARAMETR:  4.9852E-01  3.6754E+00  1.0058E+00  4.4091E+00  1.9383E+00  9.9690E-01  9.9715E-01  4.9979E-01  2.0001E-01  9.9998E-03
             1.0000E-02  2.0002E-01  1.0003E-02  2.0001E-01  4.9994E-02
 PARAMETER:  9.9704E-02  1.0501E-01  1.0058E-01  1.1023E-01  9.6916E-02  9.9690E-02  9.9715E-02  9.9958E-02  1.0001E-01  9.9996E-02
             1.0000E-01  1.0005E-01  1.0003E-01  1.0002E-01  9.9941E-02
 GRADIENT:   2.9717E+03 -1.2127E+04 -3.9483E+03  5.5080E+04  2.2211E+04  1.5289E+03  1.5301E+03  2.3815E+02 -2.5971E+02  2.5283E+00
             3.2961E+01  3.4799E+01 -9.9495E+01 -1.5449E+02  2.1697E+02

0ITERATION NO.:    2    OBJECTIVE VALUE:   31754.1002926104        NO. OF FUNC. EVALS.:  16
 CUMULATIVE NO. OF FUNC. EVALS.:       42
 NPARAMETR:  4.9796E-01  3.6913E+00  1.0073E+00  4.3264E+00  1.9216E+00  9.9633E-01  9.9658E-01  4.9975E-01  2.0001E-01  9.9998E-03
             1.0000E-02  2.0002E-01  1.0003E-02  2.0001E-01  4.9993E-02
 PARAMETER:  9.9593E-02  1.0547E-01  1.0073E-01  1.0816E-01  9.6082E-02  9.9633E-02  9.9658E-02  9.9949E-02  1.0002E-01  9.9996E-02
             9.9999E-02  1.0005E-01  1.0003E-01  1.0003E-01  9.9933E-02
 GRADIENT:   2.6056E+03 -1.2582E+04 -3.8557E+03  2.7928E+04  1.9546E+04  1.5561E+03  1.5352E+03  2.3920E+02 -1.9850E+02  1.4838E+00
             2.4701E+01  3.2546E+01 -1.0031E+02 -1.4955E+02  4.4689E+02

0ITERATION NO.:    3    OBJECTIVE VALUE:   31456.3010471980        NO. OF FUNC. EVALS.:  13
 CUMULATIVE NO. OF FUNC. EVALS.:       55
 NPARAMETR:  4.8841E-01  4.0871E+00  1.0398E+00  4.3766E+00  1.6334E+00  9.8261E-01  9.8325E-01  4.9871E-01  2.0006E-01  1.0001E-02
             9.9999E-03  2.0001E-01  1.0011E-02  2.0006E-01  4.9933E-02
 PARAMETER:  9.7681E-02  1.1678E-01  1.0398E-01  1.0942E-01  8.1670E-02  9.8261E-02  9.8325E-02  9.9742E-02  1.0014E-01  9.9996E-02
             9.9985E-02  1.0003E-01  1.0012E-01  1.0015E-01  9.9331E-02
 GRADIENT:   1.3359E+03  4.5069E+03 -3.4237E+03  3.2507E+04  1.4042E+04  1.4395E+03  1.4758E+03  2.0483E+02 -5.5712E+01 -4.3794E+01
            -5.9562E+00  1.6967E+02 -3.3744E+01 -1.2449E+02  6.5973E+02

0ITERATION NO.:    4    OBJECTIVE VALUE:   31383.6731684709        NO. OF FUNC. EVALS.:  14
 CUMULATIVE NO. OF FUNC. EVALS.:       69
 NPARAMETR:  4.8276E-01  3.9119E+00  1.0821E+00  4.4346E+00  1.3586E+00  9.6378E-01  9.6430E-01  4.9739E-01  2.0005E-01  1.0006E-02
             1.0002E-02  1.9993E-01  1.0014E-02  2.0012E-01  4.9813E-02
 PARAMETER:  9.6551E-02  1.1177E-01  1.0821E-01  1.1087E-01  6.7930E-02  9.6378E-02  9.6430E-02  9.9478E-02  1.0011E-01  1.0005E-01
             1.0001E-01  9.9813E-02  1.0016E-01  1.0031E-01  9.8124E-02
 GRADIENT:   7.8487E+02 -7.9271E+03 -2.2401E+03  3.2045E+04  2.9522E+03  1.3111E+03  1.3649E+03  1.3154E+02 -1.0202E+01 -1.6112E+01
            -2.1993E+01  1.3307E+02 -6.3334E+01 -7.2828E+01  7.9691E+02

0ITERATION NO.:    5    OBJECTIVE VALUE:   31334.1091856606        NO. OF FUNC. EVALS.:  13
 CUMULATIVE NO. OF FUNC. EVALS.:       82
 NPARAMETR:  4.8438E-01  3.9277E+00  1.4559E+00  4.4167E+00  1.4339E+00  7.3774E-01  7.3086E-01  4.8594E-01  1.9931E-01  1.0054E-02
             1.0052E-02  1.9867E-01  1.0047E-02  2.0059E-01  4.7928E-02
 PARAMETER:  9.6876E-02  1.1222E-01  1.4559E-01  1.1042E-01  7.1694E-02  7.3774E-02  7.3086E-02  9.7189E-02  9.8270E-02  1.0071E-01
             1.0069E-01  9.6642E-02  1.0076E-01  1.0146E-01  7.8840E-02
 GRADIENT:   9.4919E+02 -7.0167E+03  4.1784E+03  3.6173E+04  4.9004E+03  4.7247E+02  6.6346E+02 -1.5559E+02 -2.7487E+01 -1.5827E+01
            -5.5088E+01  1.4161E+02 -1.5055E+01 -8.1868E+00  5.7268E+02

0ITERATION NO.:    6    OBJECTIVE VALUE:   31287.8954469775        NO. OF FUNC. EVALS.:  12
 CUMULATIVE NO. OF FUNC. EVALS.:       94
 NPARAMETR:  4.8351E-01  3.9485E+00  1.1795E+00  4.3810E+00  1.3824E+00 -2.6419E-01 -3.6543E-01  4.7425E-01  1.9511E-01  1.0322E-02
             1.0473E-02  1.9141E-01  1.0077E-02  2.0231E-01  3.8772E-02
 PARAMETER:  9.6701E-02  1.1281E-01  1.1795E-01  1.0953E-01  6.9119E-02 -2.6419E-02 -3.6543E-02  9.4851E-02  8.7622E-02  1.0451E-01
             1.0604E-01  7.7870E-02  1.0248E-01  1.0555E-01 -2.7164E-02
 GRADIENT:   8.9204E+02 -5.4194E+03  1.8476E+03  3.6997E+04  3.8801E+03 -2.1287E+03 -3.3908E+02 -1.1856E+01 -3.7654E+01 -1.9956E+01
            -4.9513E+01  1.4824E+02 -3.2367E+01 -4.1549E+01 -3.6428E+02

0ITERATION NO.:    7    OBJECTIVE VALUE:   31260.9634525464        NO. OF FUNC. EVALS.:  12
 CUMULATIVE NO. OF FUNC. EVALS.:      106
 NPARAMETR:  4.6376E-01  3.9595E+00  1.1667E+00  4.3721E+00  1.3681E+00  3.6988E-02 -7.3091E-01  4.5385E-01  1.9246E-01  1.0523E-02
             1.0791E-02  1.8633E-01  1.0135E-02  2.0383E-01  3.5738E-02
 PARAMETER:  9.2751E-02  1.1313E-01  1.1667E-01  1.0930E-01  6.8405E-02  3.6988E-03 -7.3091E-02  9.0770E-02  8.0792E-02  1.0727E-01
             1.1000E-01  6.4301E-02  1.0413E-01  1.0918E-01 -6.7909E-02
 GRADIENT:   7.9349E+02 -4.6800E+03  2.0040E+03  3.7950E+04  3.3551E+03 -1.2388E+03 -7.8556E+02 -7.7409E+01 -3.7132E+01 -2.2998E+01
            -4.6673E+01  1.4982E+02 -3.1896E+01  2.2837E+01 -8.0101E+02

0ITERATION NO.:    8    OBJECTIVE VALUE:   31250.7649914915        NO. OF FUNC. EVALS.:  12
 CUMULATIVE NO. OF FUNC. EVALS.:      118
 NPARAMETR:  1.9269E-01  3.9510E+00  1.1915E+00  4.3698E+00  1.4224E+00 -6.9496E-03 -3.3665E-01  3.8678E-01  1.6093E-01  1.3331E-02
             1.4678E-02  1.2740E-01  1.1253E-02  2.0426E-01  3.3066E-02
 PARAMETER:  3.8537E-02  1.1289E-01  1.1915E-01  1.0925E-01  7.1118E-02 -6.9496E-04 -3.3665E-02  7.7356E-02 -8.6878E-03  1.4862E-01
             1.6364E-01 -1.2860E-01  1.3279E-01  1.0766E-01 -1.0675E-01
 GRADIENT:  -2.1250E+02 -4.2991E+03  2.2818E+03  4.0070E+04  2.8511E+03 -1.3722E+03 -3.4814E+02 -8.0675E+01 -2.0538E+01 -4.9976E+01
            -3.4973E+01  9.6250E+01 -3.7736E+01  5.9723E+01 -1.2946E+03

0ITERATION NO.:    9    OBJECTIVE VALUE:   31204.5040098720        NO. OF FUNC. EVALS.:  13
 CUMULATIVE NO. OF FUNC. EVALS.:      131
 NPARAMETR:  2.7409E-01  4.0496E+00  1.1957E+00  4.3631E+00  1.3486E+00 -1.3024E-02 -2.6195E-01  3.0608E-01  1.3064E-01  1.6046E-02
             1.8131E-02  8.3677E-02  1.2362E-02  2.0404E-01  3.2893E-02
 PARAMETER:  5.4818E-02  1.1570E-01  1.1957E-01  1.0908E-01  6.7429E-02 -1.3024E-03 -2.6195E-02  6.1216E-02 -1.1294E-01  1.9854E-01
             2.2434E-01 -3.4634E-01  1.6670E-01  1.0305E-01 -1.0938E-01
 GRADIENT:  -1.6363E+02  5.1565E+02  2.3638E+03  3.8311E+04  1.4000E+03 -1.3925E+03 -2.7948E+02 -1.1684E+02 -3.6963E+01 -4.6527E+01
            -3.3221E+01  3.7148E+01 -4.4581E+01  6.5047E+01 -1.3233E+03

0ITERATION NO.:   10    OBJECTIVE VALUE:   31196.7717688164        NO. OF FUNC. EVALS.:  13
 CUMULATIVE NO. OF FUNC. EVALS.:      144
 NPARAMETR:  2.0181E-01  4.0461E+00  1.1825E+00  4.3693E+00  1.3720E+00 -9.8897E-03 -4.2932E-01  2.8902E-01  1.2193E-01  1.6922E-02
             1.9242E-02  7.2948E-02  1.2986E-02  2.0385E-01  3.4180E-02
 PARAMETER:  4.0363E-02  1.1560E-01  1.1825E-01  1.0923E-01  6.8598E-02 -9.8897E-04 -4.2932E-02  5.7805E-02 -1.4745E-01  2.1673E-01
             2.4644E-01 -4.1940E-01  1.8254E-01  1.0064E-01 -9.0193E-02
 GRADIENT:  -5.4516E+02  1.8730E+03  2.3513E+03  3.7989E+04  1.5768E+03 -1.3715E+03 -4.8089E+02 -1.3494E+02 -3.6468E+01 -4.9138E+01
            -2.8845E+01  2.8703E+00 -4.6246E+01  5.7008E+01 -1.1137E+03

0ITERATION NO.:   11    OBJECTIVE VALUE:   31185.1972186956        NO. OF FUNC. EVALS.:  12
 CUMULATIVE NO. OF FUNC. EVALS.:      156
 NPARAMETR:  2.0033E-01  4.0485E+00  1.2134E+00  4.3686E+00  1.3590E+00  1.9779E-02 -4.5917E-01  7.0300E-01  1.1564E-01  2.0837E-02
             2.3974E-02  6.9794E-02  2.2402E-02  2.0910E-01  3.4095E-02
 PARAMETER:  4.0066E-02  1.1567E-01  1.2134E-01  1.0921E-01  6.7951E-02  1.9779E-03 -4.5917E-02  1.4060E-01 -1.7392E-01  2.7402E-01
             3.1529E-01 -4.5278E-01  3.3083E-01  1.0032E-01 -9.1434E-02
 GRADIENT:  -6.1803E+02  1.6381E+03  2.2916E+03  3.7144E+04  9.1128E+02 -1.3533E+03 -4.6079E+02  5.7722E+01 -4.3692E+01 -4.0290E+01
            -1.9987E+01 -7.2304E+00 -3.4176E+01  7.8208E+01 -1.1257E+03

0ITERATION NO.:   12    OBJECTIVE VALUE:   31168.4500261383        NO. OF FUNC. EVALS.:  12
 CUMULATIVE NO. OF FUNC. EVALS.:      168
 NPARAMETR:  1.9249E-01  4.0243E+00  1.1692E+00  4.3626E+00  1.3450E+00  7.4595E-03 -4.1880E-01  4.2795E-01  1.0714E-01  3.2720E-02
             3.8547E-02  7.1357E-02  5.5349E-02  2.3122E-01  3.3793E-02
 PARAMETER:  3.8498E-02  1.1498E-01  1.1692E-01  1.0906E-01  6.7252E-02  7.4595E-04 -4.1880E-02  8.5590E-02 -2.1209E-01  4.4704E-01
             5.2666E-01 -4.8949E-01  8.2708E-01  6.7196E-02 -9.5883E-02
 GRADIENT:  -5.7699E+02 -3.4784E+03  2.3315E+03  3.5180E+04 -7.6802E+02 -1.3756E+03 -4.7144E+02 -6.3009E+01 -6.3522E+01 -1.1068E+01
            -1.0955E+01 -3.3942E+01  9.6629E+00  9.7276E+01 -1.1595E+03

0ITERATION NO.:   13    OBJECTIVE VALUE:   31163.4950403213        NO. OF FUNC. EVALS.:  12
 CUMULATIVE NO. OF FUNC. EVALS.:      180
 NPARAMETR:  2.0130E-01  4.0239E+00  1.1918E+00  4.3641E+00  1.3352E+00  5.2217E-02 -4.3999E-01  4.6578E-01  1.2226E-01  3.6590E-02
             4.9689E-02  6.9744E-02  5.9348E-02  1.9465E-01  3.3211E-02
 PARAMETER:  4.0260E-02  1.1497E-01  1.1918E-01  1.0910E-01  6.6759E-02  5.2217E-03 -4.3999E-02  9.3156E-02 -1.4608E-01  4.6799E-01
             6.3553E-01 -5.1089E-01  8.6243E-01 -7.3061E-02 -1.0457E-01
 GRADIENT:  -5.4979E+02 -6.3391E+03  3.2780E+03  3.6235E+04 -1.7083E+03 -1.6195E+03 -6.8827E+02 -8.5569E+01 -5.6461E+01 -1.1935E+01
            -7.8637E+00 -5.1922E+01  1.7860E+01  4.8539E+01 -1.2579E+03

0ITERATION NO.:   14    OBJECTIVE VALUE:   31163.1698322549        NO. OF FUNC. EVALS.:  12
 CUMULATIVE NO. OF FUNC. EVALS.:      192
 NPARAMETR:  2.8272E-01  4.0538E+00  1.2210E+00  4.3736E+00  1.3651E+00  2.0525E-02 -4.0979E-01  3.3068E-01  2.9372E-01  9.8015E-02
             1.9140E-01  9.1774E-02  9.9451E-02  3.1104E-01  3.3875E-02
 PARAMETER:  5.6545E-02  1.1582E-01  1.2210E-01  1.0934E-01  6.8253E-02  2.0525E-03 -4.0979E-02  6.6136E-02  2.9216E-01  8.0880E-01
             1.5794E+00 -5.0858E-01  6.8832E-01  5.8485E-03 -9.4668E-02
 GRADIENT:  -4.6216E+02 -1.2287E+03  3.0878E+03  3.7954E+04  4.4525E+02 -1.2323E+03 -5.0654E+02 -9.8031E+01  2.1086E+01 -2.1086E+01
             3.2863E+01 -2.6354E+01  5.4445E+00  8.5673E+01 -1.1131E+03

0ITERATION NO.:   15    OBJECTIVE VALUE:   31157.3970157611        NO. OF FUNC. EVALS.:  12
 CUMULATIVE NO. OF FUNC. EVALS.:      204
 NPARAMETR:  2.6471E-01  4.0621E+00  1.2301E+00  4.3679E+00  1.3579E+00  3.5614E-02 -3.9687E-01  3.1336E-01  2.5907E-01  9.9038E-02
             1.8989E-01  1.0395E-01  1.0822E-01  3.1209E-01  3.3841E-02
 PARAMETER:  5.2942E-02  1.1606E-01  1.2301E-01  1.0920E-01  6.7893E-02  3.5614E-03 -3.9687E-02  6.2672E-02  2.2939E-01  8.7018E-01
             1.6684E+00 -4.5243E-01  6.5156E-01 -2.9243E-02 -9.5178E-02
 GRADIENT:  -6.5446E+02  1.0083E+02  3.3198E+03  3.6600E+04 -3.5973E+02 -1.2387E+03 -5.2803E+02 -1.1394E+02  3.0269E+00 -1.0318E+01
             3.7222E+01  5.4144E+00 -1.5969E+00  7.5700E+01 -1.1189E+03

0ITERATION NO.:   16    OBJECTIVE VALUE:   30983.8868800808        NO. OF FUNC. EVALS.:  14
 CUMULATIVE NO. OF FUNC. EVALS.:      218
 NPARAMETR:  3.6838E-01  4.0855E+00  1.1748E+00  4.2754E+00  1.3011E+00  5.6757E-01 -2.2897E-01  4.0724E-01  1.3225E-01  2.9493E-02
             1.0740E-01  7.4303E-02  8.5760E-02  2.0246E-01  3.6361E-02
 PARAMETER:  7.3676E-02  1.1673E-01  1.1748E-01  1.0689E-01  6.5054E-02  5.6757E-02 -2.2897E-02  8.1449E-02 -1.0680E-01  3.6269E-01
             1.3207E+00 -4.4017E-01  1.1167E+00 -5.0945E-01 -5.9258E-02
 GRADIENT:  -3.7612E+00 -2.7504E+03  1.9471E+03  1.3871E+04  5.3198E+01  4.4541E+02 -4.4646E+02 -6.6242E+01 -4.0790E+01 -5.1136E+01
             6.6952E+01 -4.3383E+01  4.8413E+01  5.2643E+01 -5.9801E+02

0ITERATION NO.:   17    OBJECTIVE VALUE:   30969.2211996826        NO. OF FUNC. EVALS.:  13
 CUMULATIVE NO. OF FUNC. EVALS.:      231
 NPARAMETR:  3.6476E-01  4.0924E+00  1.1696E+00  4.2713E+00  1.3113E+00  6.1939E-01 -2.0546E-01  4.2937E-01  1.4206E-01  4.2636E-02
             9.9922E-02  7.8100E-02  9.1654E-02  1.8068E-01  3.6251E-02
 PARAMETER:  7.2952E-02  1.1693E-01  1.1696E-01  1.0678E-01  6.5566E-02  6.1939E-02 -2.0546E-02  8.5875E-02 -7.1023E-02  5.0589E-01
             1.1856E+00 -4.5838E-01  1.1345E+00 -5.6953E-01 -6.0784E-02
 GRADIENT:   2.9406E+01 -1.1438E+01  1.4812E+03  1.3366E+04  6.5347E+02  8.3307E+02 -4.7164E+02 -5.4354E+01 -4.3331E+01 -1.3627E+01
             4.0442E+01 -6.7307E+01  6.4763E+01  2.8024E+01 -6.0078E+02

0ITERATION NO.:   18    OBJECTIVE VALUE:   30930.6105988723        NO. OF FUNC. EVALS.:  13
 CUMULATIVE NO. OF FUNC. EVALS.:      244
 NPARAMETR:  3.8117E-01  4.0757E+00  1.1485E+00  4.2491E+00  1.3139E+00  5.7467E-01 -1.2532E-01  4.2970E-01  1.4511E-01  4.5678E-02
             7.8257E-02  8.6098E-02  7.8757E-02  1.3189E-01  3.7868E-02
 PARAMETER:  7.6234E-02  1.1645E-01  1.1485E-01  1.0623E-01  6.5693E-02  5.7467E-02 -1.2532E-02  8.5939E-02 -6.0413E-02  5.3626E-01
             9.1874E-01 -4.1152E-01  9.5019E-01 -6.0244E-01 -3.8962E-02
 GRADIENT:   2.0324E+02 -1.2334E+03  8.7575E+02  8.3786E+03  5.6379E+02  6.6698E+02 -2.8271E+02 -4.0837E+01 -4.3718E+01  1.0929E+01
            -2.9522E+00 -8.3464E+00  3.5239E+01  2.0230E+01 -2.9885E+02

0ITERATION NO.:   19    OBJECTIVE VALUE:   30917.4864658092        NO. OF FUNC. EVALS.:  12
 CUMULATIVE NO. OF FUNC. EVALS.:      256
 NPARAMETR:  3.9583E-01  4.0864E+00  1.1099E+00  4.2195E+00  1.3174E+00  4.4360E-01  5.7107E-03  3.7939E-01  1.8399E-01  5.9838E-02
             9.3877E-02  8.7351E-02  7.3171E-02  1.1640E-01  3.9201E-02
 PARAMETER:  7.9167E-02  1.1675E-01  1.1099E-01  1.0549E-01  6.5869E-02  4.4360E-02  5.7107E-04  7.5877E-02  5.8288E-02  6.2387E-01
             9.7876E-01 -4.3896E-01  7.6942E-01 -6.8131E-01 -2.1655E-02
 GRADIENT:   2.2506E+02  5.0652E+03 -1.5336E+03  3.0124E+03  1.8464E+03 -2.5275E+02  3.5894E+02  6.7303E+01 -2.4849E+01  1.8077E+01
            -1.8005E+01  7.4556E+00  1.4182E+01  1.2629E+00 -8.5632E+01

0ITERATION NO.:   20    OBJECTIVE VALUE:   30911.1723333335        NO. OF FUNC. EVALS.:  12
 CUMULATIVE NO. OF FUNC. EVALS.:      268
 NPARAMETR:  3.8987E-01  4.0737E+00  1.1216E+00  4.2150E+00  1.3184E+00  4.7013E-01 -2.8553E-02  3.8542E-01  2.0742E-01  6.5758E-02
             1.0462E-01  8.7771E-02  6.8735E-02  1.1168E-01  3.9774E-02
 PARAMETER:  7.7974E-02  1.1639E-01  1.1216E-01  1.0538E-01  6.5921E-02  4.7013E-02 -2.8553E-03  7.7084E-02  1.1822E-01  6.4570E-01
             1.0273E+00 -4.4612E-01  6.4643E-01 -7.0226E-01 -1.4403E-02
 GRADIENT:   1.5359E+02  9.5578E+02 -4.6572E+02  9.8389E+02  1.1015E+03 -1.3036E+01  1.6097E+02  1.7358E+01 -8.9743E+00  3.5883E+00
            -1.1495E+01  1.7784E+01 -5.9527E+00  1.1529E+01  5.0592E+00

0ITERATION NO.:   21    OBJECTIVE VALUE:   30909.2983770705        NO. OF FUNC. EVALS.:  12
 CUMULATIVE NO. OF FUNC. EVALS.:      280
 NPARAMETR:  3.8433E-01  4.0741E+00  1.1217E+00  4.2146E+00  1.3070E+00  4.7520E-01 -7.4191E-02  3.8385E-01  2.2634E-01  7.2405E-02
             1.2023E-01  8.7960E-02  7.2999E-02  1.1952E-01  4.0025E-02
 PARAMETER:  7.6866E-02  1.1640E-01  1.1217E-01  1.0536E-01  6.5350E-02  4.7520E-02 -7.4191E-03  7.6770E-02  1.6186E-01  6.8062E-01
             1.1302E+00 -4.6227E-01  6.3791E-01 -7.3802E-01 -1.1261E-02
 GRADIENT:   5.8754E+01  2.5745E+02 -7.0502E+00  6.8367E+02  4.5661E+02  4.9768E+01 -3.6493E+01 -6.7652E+00 -9.2270E-01 -2.8596E-01
             1.1752E+00  9.1520E+00 -2.0587E+00  1.4369E+01  3.6884E+01

0ITERATION NO.:   22    OBJECTIVE VALUE:   30908.6665155977        NO. OF FUNC. EVALS.:  12
 CUMULATIVE NO. OF FUNC. EVALS.:      292
 NPARAMETR:  3.7247E-01  4.0706E+00  1.1249E+00  4.2114E+00  1.2936E+00  4.9619E-01 -3.3864E-02  3.9754E-01  2.3614E-01  7.1782E-02
             1.2507E-01  8.4323E-02  7.1418E-02  1.1619E-01  3.9846E-02
 PARAMETER:  7.4495E-02  1.1630E-01  1.1249E-01  1.0529E-01  6.4680E-02  4.9619E-02 -3.3864E-03  7.9508E-02  1.8306E-01  6.6060E-01
             1.1511E+00 -4.8030E-01  6.2809E-01 -8.1241E-01 -1.3504E-02
 GRADIENT:  -5.3396E+01 -6.5008E+02  3.2831E+02 -4.8213E+01 -2.7524E+02  2.3293E+02  9.7625E+01 -5.2824E-01  8.1148E+00 -4.7540E+00
            -2.7258E-01 -3.9626E-01 -3.5330E+00  4.1375E+00  1.1950E+01

0ITERATION NO.:   23    OBJECTIVE VALUE:   30908.6655751801        NO. OF FUNC. EVALS.:  13
 CUMULATIVE NO. OF FUNC. EVALS.:      305
 NPARAMETR:  3.7252E-01  4.0707E+00  1.1246E+00  4.2113E+00  1.2936E+00  4.9537E-01 -3.5371E-02  3.9710E-01  2.3600E-01  7.1770E-02
             1.2504E-01  8.4336E-02  7.1437E-02  1.1621E-01  3.9844E-02
 PARAMETER:  7.4504E-02  1.1630E-01  1.1246E-01  1.0528E-01  6.4682E-02  4.9537E-02 -3.5371E-03  7.9419E-02  1.8276E-01  6.6070E-01
             1.1511E+00 -4.8025E-01  6.2829E-01 -8.1230E-01 -1.3526E-02
 GRADIENT:  -5.2266E+01 -6.2977E+02  3.1759E+02 -5.6005E+01 -2.6721E+02  2.2618E+02  9.2361E+01 -6.9787E-01  7.9729E+00 -4.6586E+00
            -3.1093E-01 -3.8785E-01 -3.4573E+00  4.1681E+00  1.1758E+01

0ITERATION NO.:   24    OBJECTIVE VALUE:   30908.6177861137        NO. OF FUNC. EVALS.:  12
 CUMULATIVE NO. OF FUNC. EVALS.:      317
 NPARAMETR:  3.7327E-01  4.0708E+00  1.1229E+00  4.2108E+00  1.2938E+00  4.8938E-01 -4.0275E-02  3.9399E-01  2.3453E-01  7.1985E-02
             1.2535E-01  8.4708E-02  7.2057E-02  1.1700E-01  3.9836E-02
 PARAMETER:  7.4655E-02  1.1631E-01  1.1229E-01  1.0527E-01  6.4691E-02  4.8938E-02 -4.0275E-03  7.8798E-02  1.7964E-01  6.6474E-01
             1.1575E+00 -4.7941E-01  6.3101E-01 -8.1398E-01 -1.3632E-02
 GRADIENT:  -4.2910E+01 -5.3177E+02  2.6795E+02 -1.2483E+02 -2.1923E+02  1.7507E+02  7.6451E+01 -1.2693E+00  6.4801E+00 -3.7343E+00
             3.0460E-01 -4.2833E-01 -2.2988E+00  4.4971E+00  1.0308E+01

0ITERATION NO.:   25    OBJECTIVE VALUE:   30908.6177861137        NO. OF FUNC. EVALS.:  29
 CUMULATIVE NO. OF FUNC. EVALS.:      346
 NPARAMETR:  3.7327E-01  4.0708E+00  1.1229E+00  4.2108E+00  1.2938E+00  4.8938E-01 -4.0275E-02  3.9399E-01  2.3453E-01  7.1985E-02
             1.2535E-01  8.4708E-02  7.2057E-02  1.1700E-01  3.9836E-02
 PARAMETER:  7.4655E-02  1.1631E-01  1.1229E-01  1.0527E-01  6.4691E-02  4.8938E-02 -4.0275E-03  7.8798E-02  1.7964E-01  6.6474E-01
             1.1575E+00 -4.7941E-01  6.3101E-01 -8.1398E-01 -1.3632E-02
 GRADIENT:  -4.7527E+01 -3.2927E+03 -5.7907E+02 -7.9651E+02 -2.9048E+02  8.1522E+01  1.8274E+01 -1.0449E+01  6.4801E+00 -3.7343E+00
             3.0460E-01 -4.2833E-01 -2.2988E+00  4.4971E+00  9.6808E+00

0ITERATION NO.:   26    OBJECTIVE VALUE:   30905.4567760275        NO. OF FUNC. EVALS.:  30
 CUMULATIVE NO. OF FUNC. EVALS.:      376
 NPARAMETR:  4.0418E-01  4.1026E+00  1.1610E+00  4.2112E+00  1.2914E+00  4.8041E-01 -2.9703E-02  4.5401E-01  2.2168E-01  7.1502E-02
             1.2115E-01  8.4213E-02  7.1309E-02  1.1693E-01  3.9858E-02
 PARAMETER:  8.0836E-02  1.1722E-01  1.1610E-01  1.0528E-01  6.4572E-02  4.8041E-02 -2.9703E-03  9.0801E-02  1.5147E-01  6.7915E-01
             1.1507E+00 -4.9124E-01  6.1284E-01 -7.8753E-01 -1.3349E-02
 GRADIENT:  -8.3377E+01 -8.1065E+02 -8.7984E+01 -3.0664E+02 -1.1746E+02 -7.4321E+01  4.4914E+01  5.7695E+01  1.2318E+00  5.0983E-01
             2.7399E+00 -1.5296E+00 -1.7731E+00  6.9917E+00  1.5311E-01

0ITERATION NO.:   27    OBJECTIVE VALUE:   30904.9448620956        NO. OF FUNC. EVALS.:  28
 CUMULATIVE NO. OF FUNC. EVALS.:      404
 NPARAMETR:  4.3373E-01  4.1238E+00  1.1704E+00  4.2107E+00  1.2826E+00  4.8781E-01 -2.8269E-02  3.8580E-01  2.1308E-01  6.7372E-02
             1.1793E-01  8.2363E-02  6.9599E-02  1.1550E-01  3.9851E-02
 PARAMETER:  8.6747E-02  1.1782E-01  1.1704E-01  1.0527E-01  6.4132E-02  4.8781E-02 -2.8269E-03  7.7159E-02  1.3167E-01  6.5272E-01
             1.1425E+00 -4.9197E-01  6.1479E-01 -7.9652E-01 -1.3438E-02
 GRADIENT:  -5.0275E+01  9.5908E+02 -3.4399E+01  3.9080E+02 -1.0023E+02  3.2953E+01  2.1450E+01 -5.1142E+01 -2.0073E+00  1.7955E-01
             1.0764E+00 -1.1068E+00 -2.6101E+00  6.2884E+00 -8.4000E+00

0ITERATION NO.:   28    OBJECTIVE VALUE:   30904.5819376394        NO. OF FUNC. EVALS.:  28
 CUMULATIVE NO. OF FUNC. EVALS.:      432
 NPARAMETR:  4.3740E-01  4.1188E+00  1.1693E+00  4.2084E+00  1.2831E+00  4.8898E-01 -4.8101E-02  4.3986E-01  2.1691E-01  6.6592E-02
             1.1844E-01  8.2466E-02  6.9948E-02  1.1445E-01  3.9892E-02
 PARAMETER:  8.7479E-02  1.1768E-01  1.1693E-01  1.0521E-01  6.4156E-02  4.8898E-02 -4.8101E-03  8.7972E-02  1.4058E-01  6.3944E-01
             1.1373E+00 -4.8416E-01  6.3410E-01 -8.2036E-01 -1.2921E-02
 GRADIENT:  -9.1115E+00  3.4458E+02 -1.4925E+02 -1.8040E+02  1.2388E+01  2.1769E+01 -2.7482E+01  3.2599E+01 -9.6186E-01  5.8623E-01
            -2.5517E-01  3.4392E-01  1.0856E-01  2.7242E+00 -1.5369E+00

0ITERATION NO.:   29    OBJECTIVE VALUE:   30904.4916664316        NO. OF FUNC. EVALS.:  28
 CUMULATIVE NO. OF FUNC. EVALS.:      460
 NPARAMETR:  4.3774E-01  4.1168E+00  1.1724E+00  4.2078E+00  1.2854E+00  4.8326E-01 -3.4566E-02  4.2132E-01  2.2083E-01  6.8054E-02
             1.2041E-01  8.2891E-02  7.0845E-02  1.1511E-01  3.9928E-02
 PARAMETER:  8.7548E-02  1.1762E-01  1.1724E-01  1.0519E-01  6.4269E-02  4.8326E-02 -3.4566E-03  8.4264E-02  1.4954E-01  6.4764E-01
             1.1459E+00 -4.8500E-01  6.3746E-01 -8.2856E-01 -1.2479E-02
 GRADIENT:  -1.7714E+01 -4.0908E+02  1.0650E+02 -4.9245E+02 -7.0258E+01 -2.8219E+01  2.6779E+00 -1.5801E+00  5.5953E-01  1.2655E+00
            -3.4622E-01 -1.1056E+00  1.3727E+00  2.0552E+00  4.2257E+00

0ITERATION NO.:   30    OBJECTIVE VALUE:   30904.4397112206        NO. OF FUNC. EVALS.:  28
 CUMULATIVE NO. OF FUNC. EVALS.:      488
 NPARAMETR:  4.4195E-01  4.1193E+00  1.1716E+00  4.2083E+00  1.2831E+00  4.8512E-01 -3.6852E-02  4.1850E-01  2.2029E-01  6.7302E-02
             1.2076E-01  8.2567E-02  7.0426E-02  1.1501E-01  3.9921E-02
 PARAMETER:  8.8391E-02  1.1769E-01  1.1716E-01  1.0521E-01  6.4155E-02  4.8512E-02 -3.6852E-03  8.3701E-02  1.4831E-01  6.4128E-01
             1.1506E+00 -4.8430E-01  6.3316E-01 -8.3499E-01 -1.2560E-02
 GRADIENT:  -6.9974E+00  4.6196E+00  3.3174E+00 -1.9959E+02 -5.2490E+01 -1.5179E+00  1.3495E+00 -2.1910E+00  3.8184E-01  7.8560E-02
             3.6030E-01  8.2176E-02  2.1202E-01  2.1222E+00  1.5307E+00

0ITERATION NO.:   31    OBJECTIVE VALUE:   30904.4184896067        NO. OF FUNC. EVALS.:  28
 CUMULATIVE NO. OF FUNC. EVALS.:      516
 NPARAMETR:  4.4537E-01  4.1203E+00  1.1720E+00  4.2088E+00  1.2831E+00  4.8539E-01 -4.0807E-02  4.1992E-01  2.2028E-01  6.6550E-02
             1.2106E-01  8.2174E-02  7.0029E-02  1.1405E-01  3.9914E-02
 PARAMETER:  8.9075E-02  1.1772E-01  1.1720E-01  1.0522E-01  6.4155E-02  4.8539E-02 -4.0807E-03  8.3985E-02  1.4829E-01  6.3413E-01
             1.1535E+00 -4.8379E-01  6.3138E-01 -8.5483E-01 -1.2642E-02
 GRADIENT:   1.5599E+00  1.4633E+02 -2.3286E+01 -3.3969E+01 -9.9737E+00  6.4241E+00 -1.0555E+01  9.9396E-01  7.5487E-01 -2.4502E-01
            -6.7312E-01  3.8523E-01 -2.1517E-01  5.6679E-02 -1.8957E+00

0ITERATION NO.:   32    OBJECTIVE VALUE:   30904.4111207045        NO. OF FUNC. EVALS.:  28
 CUMULATIVE NO. OF FUNC. EVALS.:      544
 NPARAMETR:  4.4468E-01  4.1195E+00  1.1719E+00  4.2091E+00  1.2838E+00  4.8514E-01 -3.8074E-02  4.1921E-01  2.1972E-01  6.6691E-02
             1.2150E-01  8.2345E-02  7.0368E-02  1.1457E-01  3.9931E-02
 PARAMETER:  8.8937E-02  1.1770E-01  1.1719E-01  1.0523E-01  6.4190E-02  4.8514E-02 -3.8074E-03  8.3842E-02  1.4702E-01  6.3627E-01
             1.1592E+00 -4.8351E-01  6.3183E-01 -8.5756E-01 -1.2438E-02
 GRADIENT:   4.3966E+00  3.7881E+01 -1.6072E+01 -2.4802E+01  1.2170E+00  4.1199E+00  1.0830E-01  8.4212E-01  2.7177E-01 -3.1072E-01
             2.3714E-01  2.7848E-01  2.0383E-01  3.2288E-01 -2.2978E-01

0ITERATION NO.:   33    OBJECTIVE VALUE:   30904.4088985761        NO. OF FUNC. EVALS.:  28
 CUMULATIVE NO. OF FUNC. EVALS.:      572
 NPARAMETR:  4.4322E-01  4.1190E+00  1.1720E+00  4.2093E+00  1.2845E+00  4.8452E-01 -3.7557E-02  4.1862E-01  2.1923E-01  6.6880E-02
             1.2148E-01  8.2396E-02  7.0386E-02  1.1445E-01  3.9938E-02
 PARAMETER:  8.8643E-02  1.1768E-01  1.1720E-01  1.0523E-01  6.4223E-02  4.8452E-02 -3.7557E-03  8.3724E-02  1.4591E-01  6.3879E-01
             1.1603E+00 -4.8439E-01  6.2931E-01 -8.5927E-01 -1.2352E-02
 GRADIENT:  -3.6600E-01 -2.2404E+01  6.4016E+00 -1.3946E+01 -6.7719E+00 -2.2783E+00  2.9982E-01 -6.9765E-01  1.9196E-01 -2.8605E-02
            -4.4887E-03  2.7751E-02  4.3914E-02  8.3025E-02  3.8094E-01

0ITERATION NO.:   34    OBJECTIVE VALUE:   30904.4086443937        NO. OF FUNC. EVALS.:  28
 CUMULATIVE NO. OF FUNC. EVALS.:      600
 NPARAMETR:  4.4310E-01  4.1190E+00  1.1720E+00  4.2094E+00  1.2846E+00  4.8473E-01 -3.7710E-02  4.1888E-01  2.1882E-01  6.6818E-02
             1.2142E-01  8.2386E-02  7.0376E-02  1.1442E-01  3.9937E-02
 PARAMETER:  8.8619E-02  1.1768E-01  1.1720E-01  1.0523E-01  6.4231E-02  4.8473E-02 -3.7710E-03  8.3775E-02  1.4496E-01  6.3880E-01
             1.1608E+00 -4.8448E-01  6.2885E-01 -8.6037E-01 -1.2363E-02
 GRADIENT:   4.2109E-02 -5.6424E+00  1.5734E+00 -4.7983E+00  1.4976E+00 -2.5130E-01  1.0353E-01 -9.6922E-02  2.2896E-02 -1.4122E-02
             1.9453E-02  6.7605E-03  2.7423E-02  1.4075E-02 -8.8548E-04

0ITERATION NO.:   35    OBJECTIVE VALUE:   30904.4086319970        NO. OF FUNC. EVALS.:  28
 CUMULATIVE NO. OF FUNC. EVALS.:      628
 NPARAMETR:  4.4310E-01  4.1190E+00  1.1719E+00  4.2094E+00  1.2846E+00  4.8474E-01 -3.7771E-02  4.1893E-01  2.1875E-01  6.6811E-02
             1.2140E-01  8.2378E-02  7.0363E-02  1.1441E-01  3.9937E-02
 PARAMETER:  8.8621E-02  1.1769E-01  1.1719E-01  1.0524E-01  6.4228E-02  4.8474E-02 -3.7771E-03  8.3786E-02  1.4480E-01  6.3883E-01
             1.1608E+00 -4.8456E-01  6.2862E-01 -8.6049E-01 -1.2354E-02
 GRADIENT:   4.9985E-02 -6.4828E-02 -1.2136E-01  3.2651E+00 -9.1131E-02 -1.1041E-01 -1.2340E-03  2.3619E-02  5.3625E-04 -3.0835E-04
            -2.4842E-03 -2.1787E-03  2.3116E-03 -1.4591E-03  4.2615E-02

0ITERATION NO.:   36    OBJECTIVE VALUE:   30904.4086319970        NO. OF FUNC. EVALS.:  18
 CUMULATIVE NO. OF FUNC. EVALS.:      646
 NPARAMETR:  4.4310E-01  4.1190E+00  1.1719E+00  4.2094E+00  1.2846E+00  4.8474E-01 -3.7771E-02  4.1893E-01  2.1875E-01  6.6811E-02
             1.2140E-01  8.2378E-02  7.0363E-02  1.1441E-01  3.9937E-02
 PARAMETER:  8.8621E-02  1.1769E-01  1.1719E-01  1.0524E-01  6.4228E-02  4.8474E-02 -3.7771E-03  8.3786E-02  1.4480E-01  6.3883E-01
             1.1608E+00 -4.8456E-01  6.2862E-01 -8.6049E-01 -1.2354E-02
 GRADIENT:   4.9985E-02 -6.4828E-02 -1.2136E-01  3.2651E+00 -9.1131E-02 -1.1041E-01 -1.2340E-03  2.3619E-02  5.3625E-04 -3.0835E-04
            -2.4842E-03 -2.1787E-03  2.3116E-03 -1.4591E-03  4.2615E-02
 Elapsed estimation  time in seconds:    40.09
 Elapsed covariance  time in seconds:    16.64
 Elapsed postprocess time in seconds:     1.67
 Elapsed finaloutput time in seconds:     0.43
Done with nonmem execution
